{"/home/sonu/Desktop/bus_ticketing_system/bus_ticketing_app/backend/server.js": {"path":"/home/sonu/Desktop/bus_ticketing_system/bus_ticketing_app/backend/server.js","statementMap":{"0":{"start":{"line":1,"column":16},"end":{"line":1,"column":34}},"1":{"start":{"line":2,"column":18},"end":{"line":2,"column":40}},"2":{"start":{"line":3,"column":12},"end":{"line":3,"column":21}},"3":{"start":{"line":5,"column":0},"end":{"line":5,"column":43}},"4":{"start":{"line":7,"column":0},"end":{"line":7,"column":11}},"5":{"start":{"line":9,"column":24},"end":{"line":9,"column":53}},"6":{"start":{"line":10,"column":0},"end":{"line":10,"column":38}},"7":{"start":{"line":12,"column":19},"end":{"line":12,"column":44}},"8":{"start":{"line":13,"column":0},"end":{"line":13,"column":33}},"9":{"start":{"line":16,"column":20},"end":{"line":16,"column":46}},"10":{"start":{"line":17,"column":0},"end":{"line":17,"column":40}},"11":{"start":{"line":19,"column":0},"end":{"line":19,"column":44}},"12":{"start":{"line":21,"column":0},"end":{"line":24,"column":2}},"13":{"start":{"line":22,"column":4},"end":{"line":22,"column":47}},"14":{"start":{"line":23,"column":4},"end":{"line":23,"column":10}},"15":{"start":{"line":26,"column":0},"end":{"line":28,"column":2}},"16":{"start":{"line":27,"column":4},"end":{"line":27,"column":43}},"17":{"start":{"line":32,"column":13},"end":{"line":32,"column":17}},"18":{"start":{"line":34,"column":0},"end":{"line":36,"column":2}},"19":{"start":{"line":35,"column":4},"end":{"line":35,"column":52}},"20":{"start":{"line":38,"column":0},"end":{"line":38,"column":21}}},"fnMap":{"0":{"name":"(anonymous_0)","decl":{"start":{"line":21,"column":8},"end":{"line":21,"column":9}},"loc":{"start":{"line":21,"column":24},"end":{"line":24,"column":1}},"line":21},"1":{"name":"(anonymous_1)","decl":{"start":{"line":26,"column":8},"end":{"line":26,"column":9}},"loc":{"start":{"line":26,"column":28},"end":{"line":28,"column":1}},"line":26},"2":{"name":"(anonymous_2)","decl":{"start":{"line":34,"column":16},"end":{"line":34,"column":17}},"loc":{"start":{"line":34,"column":20},"end":{"line":36,"column":1}},"line":34}},"branchMap":{"0":{"loc":{"start":{"line":27,"column":15},"end":{"line":27,"column":32}},"type":"binary-expr","locations":[{"start":{"line":27,"column":15},"end":{"line":27,"column":25}},{"start":{"line":27,"column":29},"end":{"line":27,"column":32}}],"line":27}},"s":{"0":1,"1":1,"2":1,"3":1,"4":1,"5":1,"6":1,"7":1,"8":1,"9":1,"10":1,"11":1,"12":1,"13":0,"14":0,"15":1,"16":0,"17":1,"18":1,"19":0,"20":1},"f":{"0":0,"1":0,"2":0},"b":{"0":[0,0]},"_coverageSchema":"1a1c01bbd47fc00a2c39e90264f33305004495a9","hash":"52cff816df584e745cd229b1cf02b27a5f8f12d4"}
,"/home/sonu/Desktop/bus_ticketing_system/bus_ticketing_app/backend/config/db.js": {"path":"/home/sonu/Desktop/bus_ticketing_system/bus_ticketing_app/backend/config/db.js","statementMap":{"0":{"start":{"line":1,"column":17},"end":{"line":1,"column":36}},"1":{"start":{"line":2,"column":15},"end":{"line":2,"column":32}},"2":{"start":{"line":3,"column":11},"end":{"line":3,"column":33}},"3":{"start":{"line":5,"column":18},"end":{"line":52,"column":5}},"4":{"start":{"line":6,"column":4},"end":{"line":51,"column":5}},"5":{"start":{"line":7,"column":34},"end":{"line":7,"column":66}},"6":{"start":{"line":8,"column":19},"end":{"line":8,"column":42}},"7":{"start":{"line":10,"column":4},"end":{"line":21,"column":5}},"8":{"start":{"line":11,"column":20},"end":{"line":11,"column":41}},"9":{"start":{"line":12,"column":8},"end":{"line":12,"column":24}},"10":{"start":{"line":13,"column":29},"end":{"line":18,"column":9}},"11":{"start":{"line":19,"column":8},"end":{"line":19,"column":48}},"12":{"start":{"line":20,"column":8},"end":{"line":20,"column":32}},"13":{"start":{"line":23,"column":4},"end":{"line":27,"column":5}},"14":{"start":{"line":24,"column":8},"end":{"line":24,"column":49}},"15":{"start":{"line":25,"column":8},"end":{"line":25,"column":42}},"16":{"start":{"line":26,"column":8},"end":{"line":26,"column":27}},"17":{"start":{"line":29,"column":4},"end":{"line":35,"column":5}},"18":{"start":{"line":30,"column":28},"end":{"line":30,"column":59}},"19":{"start":{"line":31,"column":8},"end":{"line":34,"column":9}},"20":{"start":{"line":32,"column":31},"end":{"line":32,"column":47}},"21":{"start":{"line":33,"column":12},"end":{"line":33,"column":41}},"22":{"start":{"line":37,"column":8},"end":{"line":49,"column":9}},"23":{"start":{"line":38,"column":12},"end":{"line":44,"column":19}},"24":{"start":{"line":45,"column":12},"end":{"line":45,"column":45}},"25":{"start":{"line":47,"column":12},"end":{"line":47,"column":39}},"26":{"start":{"line":48,"column":12},"end":{"line":48,"column":28}},"27":{"start":{"line":55,"column":0},"end":{"line":55,"column":27}}},"fnMap":{"0":{"name":"(anonymous_0)","decl":{"start":{"line":5,"column":18},"end":{"line":5,"column":19}},"loc":{"start":{"line":5,"column":30},"end":{"line":52,"column":5}},"line":5},"1":{"name":"(anonymous_1)","decl":{"start":{"line":10,"column":29},"end":{"line":10,"column":30}},"loc":{"start":{"line":10,"column":41},"end":{"line":21,"column":5}},"line":10},"2":{"name":"(anonymous_2)","decl":{"start":{"line":23,"column":35},"end":{"line":23,"column":36}},"loc":{"start":{"line":23,"column":47},"end":{"line":27,"column":5}},"line":23},"3":{"name":"(anonymous_3)","decl":{"start":{"line":29,"column":35},"end":{"line":29,"column":36}},"loc":{"start":{"line":29,"column":47},"end":{"line":35,"column":5}},"line":29}},"branchMap":{"0":{"loc":{"start":{"line":6,"column":4},"end":{"line":51,"column":5}},"type":"if","locations":[{"start":{"line":6,"column":4},"end":{"line":51,"column":5}},{"start":{"line":6,"column":4},"end":{"line":51,"column":5}}],"line":6}},"s":{"0":1,"1":1,"2":1,"3":1,"4":1,"5":1,"6":1,"7":1,"8":1,"9":1,"10":1,"11":1,"12":1,"13":1,"14":1,"15":1,"16":1,"17":1,"18":1,"19":1,"20":6,"21":6,"22":0,"23":0,"24":0,"25":0,"26":0,"27":1},"f":{"0":1,"1":1,"2":1,"3":1},"b":{"0":[1,0]},"_coverageSchema":"1a1c01bbd47fc00a2c39e90264f33305004495a9","hash":"8b6c5748c928787fa74983ffdb25712a3cf85fc1"}
,"/home/sonu/Desktop/bus_ticketing_system/bus_ticketing_app/backend/controllers/Buses.js": {"path":"/home/sonu/Desktop/bus_ticketing_system/bus_ticketing_app/backend/controllers/Buses.js","statementMap":{"0":{"start":{"line":1,"column":12},"end":{"line":1,"column":38}},"1":{"start":{"line":2,"column":29},"end":{"line":2,"column":57}},"2":{"start":{"line":3,"column":15},"end":{"line":3,"column":42}},"3":{"start":{"line":4,"column":27},"end":{"line":4,"column":61}},"4":{"start":{"line":5,"column":29},"end":{"line":5,"column":65}},"5":{"start":{"line":6,"column":15},"end":{"line":6,"column":42}},"6":{"start":{"line":7,"column":16},"end":{"line":7,"column":44}},"7":{"start":{"line":11,"column":15},"end":{"line":102,"column":1}},"8":{"start":{"line":12,"column":17},"end":{"line":12,"column":38}},"9":{"start":{"line":13,"column":2},"end":{"line":15,"column":3}},"10":{"start":{"line":14,"column":4},"end":{"line":14,"column":60}},"11":{"start":{"line":32,"column":6},"end":{"line":32,"column":14}},"12":{"start":{"line":34,"column":27},"end":{"line":34,"column":35}},"13":{"start":{"line":36,"column":19},"end":{"line":45,"column":3}},"14":{"start":{"line":47,"column":2},"end":{"line":47,"column":59}},"15":{"start":{"line":47,"column":20},"end":{"line":47,"column":59}},"16":{"start":{"line":48,"column":2},"end":{"line":48,"column":44}},"17":{"start":{"line":48,"column":15},"end":{"line":48,"column":44}},"18":{"start":{"line":50,"column":2},"end":{"line":101,"column":3}},"19":{"start":{"line":51,"column":24},"end":{"line":51,"column":68}},"20":{"start":{"line":52,"column":4},"end":{"line":97,"column":5}},"21":{"start":{"line":53,"column":16},"end":{"line":53,"column":48}},"22":{"start":{"line":55,"column":6},"end":{"line":55,"column":44}},"23":{"start":{"line":56,"column":6},"end":{"line":56,"column":44}},"24":{"start":{"line":58,"column":25},"end":{"line":58,"column":51}},"25":{"start":{"line":59,"column":23},"end":{"line":59,"column":47}},"26":{"start":{"line":60,"column":6},"end":{"line":62,"column":7}},"27":{"start":{"line":61,"column":8},"end":{"line":61,"column":71}},"28":{"start":{"line":63,"column":6},"end":{"line":63,"column":41}},"29":{"start":{"line":64,"column":6},"end":{"line":64,"column":41}},"30":{"start":{"line":65,"column":6},"end":{"line":71,"column":7}},"31":{"start":{"line":66,"column":8},"end":{"line":66,"column":68}},"32":{"start":{"line":67,"column":13},"end":{"line":71,"column":7}},"33":{"start":{"line":68,"column":8},"end":{"line":68,"column":69}},"34":{"start":{"line":69,"column":13},"end":{"line":71,"column":7}},"35":{"start":{"line":70,"column":8},"end":{"line":70,"column":69}},"36":{"start":{"line":72,"column":6},"end":{"line":72,"column":33}},"37":{"start":{"line":73,"column":6},"end":{"line":73,"column":33}},"38":{"start":{"line":74,"column":6},"end":{"line":74,"column":41}},"39":{"start":{"line":75,"column":6},"end":{"line":75,"column":37}},"40":{"start":{"line":77,"column":6},"end":{"line":85,"column":7}},"41":{"start":{"line":79,"column":8},"end":{"line":83,"column":10}},"42":{"start":{"line":84,"column":8},"end":{"line":84,"column":41}},"43":{"start":{"line":88,"column":6},"end":{"line":88,"column":34}},"44":{"start":{"line":88,"column":14},"end":{"line":88,"column":34}},"45":{"start":{"line":90,"column":6},"end":{"line":90,"column":32}},"46":{"start":{"line":92,"column":6},"end":{"line":92,"column":43}},"47":{"start":{"line":93,"column":6},"end":{"line":93,"column":23}},"48":{"start":{"line":94,"column":6},"end":{"line":94,"column":39}},"49":{"start":{"line":96,"column":6},"end":{"line":96,"column":79}},"50":{"start":{"line":99,"column":4},"end":{"line":99,"column":20}},"51":{"start":{"line":100,"column":4},"end":{"line":100,"column":57}},"52":{"start":{"line":105,"column":20},"end":{"line":116,"column":1}},"53":{"start":{"line":106,"column":17},"end":{"line":106,"column":19}},"54":{"start":{"line":107,"column":2},"end":{"line":107,"column":30}},"55":{"start":{"line":108,"column":2},"end":{"line":114,"column":3}},"56":{"start":{"line":108,"column":15},"end":{"line":108,"column":16}},"57":{"start":{"line":109,"column":4},"end":{"line":109,"column":13}},"58":{"start":{"line":110,"column":4},"end":{"line":112,"column":5}},"59":{"start":{"line":110,"column":17},"end":{"line":110,"column":18}},"60":{"start":{"line":111,"column":6},"end":{"line":111,"column":28}},"61":{"start":{"line":113,"column":4},"end":{"line":113,"column":23}},"62":{"start":{"line":115,"column":2},"end":{"line":115,"column":18}},"63":{"start":{"line":118,"column":20},"end":{"line":125,"column":1}},"64":{"start":{"line":119,"column":2},"end":{"line":124,"column":5}},"65":{"start":{"line":120,"column":16},"end":{"line":120,"column":41}},"66":{"start":{"line":121,"column":4},"end":{"line":123,"column":5}},"67":{"start":{"line":122,"column":6},"end":{"line":122,"column":21}},"68":{"start":{"line":128,"column":20},"end":{"line":168,"column":1}},"69":{"start":{"line":129,"column":17},"end":{"line":129,"column":38}},"70":{"start":{"line":130,"column":2},"end":{"line":132,"column":3}},"71":{"start":{"line":131,"column":4},"end":{"line":131,"column":60}},"72":{"start":{"line":134,"column":38},"end":{"line":134,"column":46}},"73":{"start":{"line":136,"column":2},"end":{"line":167,"column":3}},"74":{"start":{"line":137,"column":4},"end":{"line":137,"column":42}},"75":{"start":{"line":138,"column":4},"end":{"line":138,"column":52}},"76":{"start":{"line":139,"column":4},"end":{"line":141,"column":5}},"77":{"start":{"line":140,"column":6},"end":{"line":140,"column":38}},"78":{"start":{"line":143,"column":16},"end":{"line":149,"column":46}},"79":{"start":{"line":152,"column":4},"end":{"line":154,"column":5}},"80":{"start":{"line":153,"column":6},"end":{"line":153,"column":38}},"81":{"start":{"line":155,"column":4},"end":{"line":159,"column":7}},"82":{"start":{"line":156,"column":6},"end":{"line":158,"column":7}},"83":{"start":{"line":157,"column":8},"end":{"line":157,"column":19}},"84":{"start":{"line":160,"column":4},"end":{"line":162,"column":5}},"85":{"start":{"line":161,"column":6},"end":{"line":161,"column":38}},"86":{"start":{"line":163,"column":4},"end":{"line":163,"column":39}},"87":{"start":{"line":165,"column":4},"end":{"line":165,"column":23}},"88":{"start":{"line":166,"column":4},"end":{"line":166,"column":50}},"89":{"start":{"line":171,"column":15},"end":{"line":183,"column":1}},"90":{"start":{"line":172,"column":2},"end":{"line":182,"column":3}},"91":{"start":{"line":173,"column":16},"end":{"line":174,"column":38}},"92":{"start":{"line":176,"column":4},"end":{"line":178,"column":5}},"93":{"start":{"line":177,"column":6},"end":{"line":177,"column":67}},"94":{"start":{"line":179,"column":4},"end":{"line":179,"column":37}},"95":{"start":{"line":181,"column":4},"end":{"line":181,"column":50}},"96":{"start":{"line":187,"column":18},"end":{"line":202,"column":1}},"97":{"start":{"line":188,"column":2},"end":{"line":201,"column":3}},"98":{"start":{"line":189,"column":16},"end":{"line":189,"column":52}},"99":{"start":{"line":190,"column":19},"end":{"line":190,"column":60}},"100":{"start":{"line":191,"column":4},"end":{"line":193,"column":5}},"101":{"start":{"line":192,"column":6},"end":{"line":192,"column":56}},"102":{"start":{"line":195,"column":4},"end":{"line":198,"column":5}},"103":{"start":{"line":196,"column":6},"end":{"line":196,"column":49}},"104":{"start":{"line":197,"column":6},"end":{"line":197,"column":67}},"105":{"start":{"line":200,"column":4},"end":{"line":200,"column":53}},"106":{"start":{"line":206,"column":21},"end":{"line":234,"column":1}},"107":{"start":{"line":207,"column":2},"end":{"line":233,"column":3}},"108":{"start":{"line":208,"column":16},"end":{"line":208,"column":52}},"109":{"start":{"line":209,"column":4},"end":{"line":211,"column":5}},"110":{"start":{"line":210,"column":6},"end":{"line":210,"column":67}},"111":{"start":{"line":212,"column":18},"end":{"line":212,"column":27}},"112":{"start":{"line":214,"column":25},"end":{"line":214,"column":65}},"113":{"start":{"line":215,"column":20},"end":{"line":215,"column":22}},"114":{"start":{"line":216,"column":26},"end":{"line":216,"column":28}},"115":{"start":{"line":217,"column":22},"end":{"line":217,"column":23}},"116":{"start":{"line":219,"column":4},"end":{"line":228,"column":5}},"117":{"start":{"line":219,"column":17},"end":{"line":219,"column":18}},"118":{"start":{"line":220,"column":6},"end":{"line":227,"column":7}},"119":{"start":{"line":220,"column":19},"end":{"line":220,"column":20}},"120":{"start":{"line":221,"column":8},"end":{"line":226,"column":9}},"121":{"start":{"line":222,"column":10},"end":{"line":222,"column":41}},"122":{"start":{"line":223,"column":10},"end":{"line":225,"column":11}},"123":{"start":{"line":224,"column":12},"end":{"line":224,"column":26}},"124":{"start":{"line":229,"column":4},"end":{"line":229,"column":42}},"125":{"start":{"line":230,"column":4},"end":{"line":230,"column":43}},"126":{"start":{"line":232,"column":4},"end":{"line":232,"column":41}},"127":{"start":{"line":236,"column":17},"end":{"line":249,"column":1}},"128":{"start":{"line":237,"column":2},"end":{"line":248,"column":3}},"129":{"start":{"line":238,"column":16},"end":{"line":238,"column":52}},"130":{"start":{"line":239,"column":4},"end":{"line":241,"column":5}},"131":{"start":{"line":240,"column":6},"end":{"line":240,"column":67}},"132":{"start":{"line":242,"column":4},"end":{"line":242,"column":57}},"133":{"start":{"line":244,"column":4},"end":{"line":244,"column":64}},"134":{"start":{"line":247,"column":4},"end":{"line":247,"column":46}},"135":{"start":{"line":251,"column":0},"end":{"line":251,"column":84}}},"fnMap":{"0":{"name":"(anonymous_0)","decl":{"start":{"line":11,"column":15},"end":{"line":11,"column":16}},"loc":{"start":{"line":11,"column":35},"end":{"line":102,"column":1}},"line":11},"1":{"name":"(anonymous_1)","decl":{"start":{"line":105,"column":20},"end":{"line":105,"column":21}},"loc":{"start":{"line":105,"column":31},"end":{"line":116,"column":1}},"line":105},"2":{"name":"(anonymous_2)","decl":{"start":{"line":118,"column":20},"end":{"line":118,"column":21}},"loc":{"start":{"line":118,"column":31},"end":{"line":125,"column":1}},"line":118},"3":{"name":"(anonymous_3)","decl":{"start":{"line":119,"column":21},"end":{"line":119,"column":22}},"loc":{"start":{"line":119,"column":42},"end":{"line":124,"column":3}},"line":119},"4":{"name":"(anonymous_4)","decl":{"start":{"line":128,"column":20},"end":{"line":128,"column":21}},"loc":{"start":{"line":128,"column":40},"end":{"line":168,"column":1}},"line":128},"5":{"name":"(anonymous_5)","decl":{"start":{"line":155,"column":25},"end":{"line":155,"column":26}},"loc":{"start":{"line":155,"column":34},"end":{"line":159,"column":5}},"line":155},"6":{"name":"(anonymous_6)","decl":{"start":{"line":171,"column":15},"end":{"line":171,"column":16}},"loc":{"start":{"line":171,"column":35},"end":{"line":183,"column":1}},"line":171},"7":{"name":"(anonymous_7)","decl":{"start":{"line":187,"column":18},"end":{"line":187,"column":19}},"loc":{"start":{"line":187,"column":36},"end":{"line":202,"column":1}},"line":187},"8":{"name":"(anonymous_8)","decl":{"start":{"line":206,"column":21},"end":{"line":206,"column":22}},"loc":{"start":{"line":206,"column":41},"end":{"line":234,"column":1}},"line":206},"9":{"name":"(anonymous_9)","decl":{"start":{"line":236,"column":17},"end":{"line":236,"column":18}},"loc":{"start":{"line":236,"column":37},"end":{"line":249,"column":1}},"line":236}},"branchMap":{"0":{"loc":{"start":{"line":13,"column":2},"end":{"line":15,"column":3}},"type":"if","locations":[{"start":{"line":13,"column":2},"end":{"line":15,"column":3}},{"start":{"line":13,"column":2},"end":{"line":15,"column":3}}],"line":13},"1":{"loc":{"start":{"line":47,"column":2},"end":{"line":47,"column":59}},"type":"if","locations":[{"start":{"line":47,"column":2},"end":{"line":47,"column":59}},{"start":{"line":47,"column":2},"end":{"line":47,"column":59}}],"line":47},"2":{"loc":{"start":{"line":48,"column":2},"end":{"line":48,"column":44}},"type":"if","locations":[{"start":{"line":48,"column":2},"end":{"line":48,"column":44}},{"start":{"line":48,"column":2},"end":{"line":48,"column":44}}],"line":48},"3":{"loc":{"start":{"line":52,"column":4},"end":{"line":97,"column":5}},"type":"if","locations":[{"start":{"line":52,"column":4},"end":{"line":97,"column":5}},{"start":{"line":52,"column":4},"end":{"line":97,"column":5}}],"line":52},"4":{"loc":{"start":{"line":60,"column":6},"end":{"line":62,"column":7}},"type":"if","locations":[{"start":{"line":60,"column":6},"end":{"line":62,"column":7}},{"start":{"line":60,"column":6},"end":{"line":62,"column":7}}],"line":60},"5":{"loc":{"start":{"line":60,"column":10},"end":{"line":60,"column":38}},"type":"binary-expr","locations":[{"start":{"line":60,"column":10},"end":{"line":60,"column":21}},{"start":{"line":60,"column":25},"end":{"line":60,"column":38}}],"line":60},"6":{"loc":{"start":{"line":65,"column":6},"end":{"line":71,"column":7}},"type":"if","locations":[{"start":{"line":65,"column":6},"end":{"line":71,"column":7}},{"start":{"line":65,"column":6},"end":{"line":71,"column":7}}],"line":65},"7":{"loc":{"start":{"line":65,"column":10},"end":{"line":65,"column":28}},"type":"binary-expr","locations":[{"start":{"line":65,"column":10},"end":{"line":65,"column":17}},{"start":{"line":65,"column":21},"end":{"line":65,"column":28}}],"line":65},"8":{"loc":{"start":{"line":67,"column":13},"end":{"line":71,"column":7}},"type":"if","locations":[{"start":{"line":67,"column":13},"end":{"line":71,"column":7}},{"start":{"line":67,"column":13},"end":{"line":71,"column":7}}],"line":67},"9":{"loc":{"start":{"line":69,"column":13},"end":{"line":71,"column":7}},"type":"if","locations":[{"start":{"line":69,"column":13},"end":{"line":71,"column":7}},{"start":{"line":69,"column":13},"end":{"line":71,"column":7}}],"line":69},"10":{"loc":{"start":{"line":77,"column":6},"end":{"line":85,"column":7}},"type":"if","locations":[{"start":{"line":77,"column":6},"end":{"line":85,"column":7}},{"start":{"line":77,"column":6},"end":{"line":85,"column":7}}],"line":77},"11":{"loc":{"start":{"line":88,"column":6},"end":{"line":88,"column":34}},"type":"if","locations":[{"start":{"line":88,"column":6},"end":{"line":88,"column":34}},{"start":{"line":88,"column":6},"end":{"line":88,"column":34}}],"line":88},"12":{"loc":{"start":{"line":121,"column":4},"end":{"line":123,"column":5}},"type":"if","locations":[{"start":{"line":121,"column":4},"end":{"line":123,"column":5}},{"start":{"line":121,"column":4},"end":{"line":123,"column":5}}],"line":121},"13":{"loc":{"start":{"line":130,"column":2},"end":{"line":132,"column":3}},"type":"if","locations":[{"start":{"line":130,"column":2},"end":{"line":132,"column":3}},{"start":{"line":130,"column":2},"end":{"line":132,"column":3}}],"line":130},"14":{"loc":{"start":{"line":139,"column":4},"end":{"line":141,"column":5}},"type":"if","locations":[{"start":{"line":139,"column":4},"end":{"line":141,"column":5}},{"start":{"line":139,"column":4},"end":{"line":141,"column":5}}],"line":139},"15":{"loc":{"start":{"line":139,"column":8},"end":{"line":139,"column":31}},"type":"binary-expr","locations":[{"start":{"line":139,"column":8},"end":{"line":139,"column":20}},{"start":{"line":139,"column":24},"end":{"line":139,"column":31}}],"line":139},"16":{"loc":{"start":{"line":152,"column":4},"end":{"line":154,"column":5}},"type":"if","locations":[{"start":{"line":152,"column":4},"end":{"line":154,"column":5}},{"start":{"line":152,"column":4},"end":{"line":154,"column":5}}],"line":152},"17":{"loc":{"start":{"line":156,"column":6},"end":{"line":158,"column":7}},"type":"if","locations":[{"start":{"line":156,"column":6},"end":{"line":158,"column":7}},{"start":{"line":156,"column":6},"end":{"line":158,"column":7}}],"line":156},"18":{"loc":{"start":{"line":160,"column":4},"end":{"line":162,"column":5}},"type":"if","locations":[{"start":{"line":160,"column":4},"end":{"line":162,"column":5}},{"start":{"line":160,"column":4},"end":{"line":162,"column":5}}],"line":160},"19":{"loc":{"start":{"line":176,"column":4},"end":{"line":178,"column":5}},"type":"if","locations":[{"start":{"line":176,"column":4},"end":{"line":178,"column":5}},{"start":{"line":176,"column":4},"end":{"line":178,"column":5}}],"line":176},"20":{"loc":{"start":{"line":191,"column":4},"end":{"line":193,"column":5}},"type":"if","locations":[{"start":{"line":191,"column":4},"end":{"line":193,"column":5}},{"start":{"line":191,"column":4},"end":{"line":193,"column":5}}],"line":191},"21":{"loc":{"start":{"line":191,"column":7},"end":{"line":191,"column":22}},"type":"binary-expr","locations":[{"start":{"line":191,"column":7},"end":{"line":191,"column":11}},{"start":{"line":191,"column":15},"end":{"line":191,"column":22}}],"line":191},"22":{"loc":{"start":{"line":195,"column":4},"end":{"line":198,"column":5}},"type":"if","locations":[{"start":{"line":195,"column":4},"end":{"line":198,"column":5}},{"start":{"line":195,"column":4},"end":{"line":198,"column":5}}],"line":195},"23":{"loc":{"start":{"line":209,"column":4},"end":{"line":211,"column":5}},"type":"if","locations":[{"start":{"line":209,"column":4},"end":{"line":211,"column":5}},{"start":{"line":209,"column":4},"end":{"line":211,"column":5}}],"line":209},"24":{"loc":{"start":{"line":221,"column":8},"end":{"line":226,"column":9}},"type":"if","locations":[{"start":{"line":221,"column":8},"end":{"line":226,"column":9}},{"start":{"line":221,"column":8},"end":{"line":226,"column":9}}],"line":221},"25":{"loc":{"start":{"line":223,"column":10},"end":{"line":225,"column":11}},"type":"if","locations":[{"start":{"line":223,"column":10},"end":{"line":225,"column":11}},{"start":{"line":223,"column":10},"end":{"line":225,"column":11}}],"line":223},"26":{"loc":{"start":{"line":223,"column":13},"end":{"line":223,"column":113}},"type":"binary-expr","locations":[{"start":{"line":223,"column":13},"end":{"line":223,"column":61}},{"start":{"line":223,"column":65},"end":{"line":223,"column":113}}],"line":223},"27":{"loc":{"start":{"line":239,"column":4},"end":{"line":241,"column":5}},"type":"if","locations":[{"start":{"line":239,"column":4},"end":{"line":241,"column":5}},{"start":{"line":239,"column":4},"end":{"line":241,"column":5}}],"line":239}},"s":{"0":1,"1":1,"2":1,"3":1,"4":1,"5":1,"6":1,"7":1,"8":8,"9":8,"10":1,"11":7,"12":7,"13":7,"14":7,"15":0,"16":7,"17":0,"18":7,"19":7,"20":6,"21":5,"22":5,"23":5,"24":5,"25":5,"26":5,"27":0,"28":5,"29":5,"30":5,"31":1,"32":4,"33":1,"34":3,"35":1,"36":2,"37":2,"38":2,"39":2,"40":2,"41":1,"42":1,"43":1,"44":1,"45":1,"46":1,"47":1,"48":1,"49":1,"50":1,"51":1,"52":1,"53":5,"54":5,"55":5,"56":5,"57":20,"58":20,"59":20,"60":240,"61":20,"62":5,"63":1,"64":10,"65":10,"66":10,"67":10,"68":1,"69":5,"70":5,"71":1,"72":4,"73":4,"74":4,"75":4,"76":4,"77":2,"78":2,"79":2,"80":0,"81":2,"82":2,"83":2,"84":2,"85":0,"86":2,"87":0,"88":0,"89":1,"90":4,"91":4,"92":4,"93":4,"94":0,"95":0,"96":1,"97":0,"98":0,"99":0,"100":0,"101":0,"102":0,"103":0,"104":0,"105":0,"106":1,"107":4,"108":4,"109":3,"110":1,"111":2,"112":2,"113":2,"114":2,"115":2,"116":2,"117":2,"118":8,"119":8,"120":96,"121":96,"122":96,"123":48,"124":2,"125":2,"126":1,"127":1,"128":0,"129":0,"130":0,"131":0,"132":0,"133":0,"134":0,"135":1},"f":{"0":8,"1":5,"2":10,"3":10,"4":5,"5":2,"6":4,"7":0,"8":4,"9":0},"b":{"0":[1,7],"1":[0,7],"2":[0,7],"3":[5,1],"4":[0,5],"5":[5,5],"6":[1,4],"7":[5,4],"8":[1,3],"9":[1,2],"10":[1,1],"11":[1,0],"12":[10,0],"13":[1,4],"14":[2,2],"15":[4,4],"16":[0,2],"17":[2,0],"18":[0,2],"19":[4,0],"20":[0,0],"21":[0,0],"22":[0,0],"23":[1,2],"24":[96,0],"25":[48,48],"26":[96,72],"27":[0,0]},"_coverageSchema":"1a1c01bbd47fc00a2c39e90264f33305004495a9","hash":"b3b2b9bea4dbf6088e85232a8e56044ee353e2f3"}
,"/home/sonu/Desktop/bus_ticketing_system/bus_ticketing_app/backend/controllers/addLocation.js": {"path":"/home/sonu/Desktop/bus_ticketing_system/bus_ticketing_app/backend/controllers/addLocation.js","statementMap":{"0":{"start":{"line":1,"column":29},"end":{"line":1,"column":57}},"1":{"start":{"line":2,"column":17},"end":{"line":2,"column":47}},"2":{"start":{"line":3,"column":25},"end":{"line":3,"column":59}},"3":{"start":{"line":5,"column":20},"end":{"line":28,"column":1}},"4":{"start":{"line":6,"column":19},"end":{"line":6,"column":40}},"5":{"start":{"line":7,"column":4},"end":{"line":9,"column":5}},"6":{"start":{"line":8,"column":8},"end":{"line":8,"column":64}},"7":{"start":{"line":10,"column":28},"end":{"line":10,"column":36}},"8":{"start":{"line":11,"column":4},"end":{"line":27,"column":5}},"9":{"start":{"line":12,"column":23},"end":{"line":12,"column":58}},"10":{"start":{"line":13,"column":8},"end":{"line":17,"column":9}},"11":{"start":{"line":14,"column":12},"end":{"line":16,"column":61}},"12":{"start":{"line":18,"column":8},"end":{"line":21,"column":11}},"13":{"start":{"line":22,"column":8},"end":{"line":22,"column":30}},"14":{"start":{"line":23,"column":8},"end":{"line":23,"column":66}},"15":{"start":{"line":25,"column":8},"end":{"line":25,"column":27}},"16":{"start":{"line":26,"column":8},"end":{"line":26,"column":45}},"17":{"start":{"line":31,"column":0},"end":{"line":31,"column":31}}},"fnMap":{"0":{"name":"(anonymous_0)","decl":{"start":{"line":5,"column":20},"end":{"line":5,"column":21}},"loc":{"start":{"line":5,"column":40},"end":{"line":28,"column":1}},"line":5}},"branchMap":{"0":{"loc":{"start":{"line":7,"column":4},"end":{"line":9,"column":5}},"type":"if","locations":[{"start":{"line":7,"column":4},"end":{"line":9,"column":5}},{"start":{"line":7,"column":4},"end":{"line":9,"column":5}}],"line":7},"1":{"loc":{"start":{"line":13,"column":8},"end":{"line":17,"column":9}},"type":"if","locations":[{"start":{"line":13,"column":8},"end":{"line":17,"column":9}},{"start":{"line":13,"column":8},"end":{"line":17,"column":9}}],"line":13}},"s":{"0":1,"1":1,"2":1,"3":1,"4":3,"5":3,"6":0,"7":3,"8":3,"9":3,"10":3,"11":1,"12":2,"13":2,"14":2,"15":0,"16":0,"17":1},"f":{"0":3},"b":{"0":[0,3],"1":[1,2]},"_coverageSchema":"1a1c01bbd47fc00a2c39e90264f33305004495a9","hash":"c450cd9882a56b988e29d2630ec0ad51d0f90b24"}
,"/home/sonu/Desktop/bus_ticketing_system/bus_ticketing_app/backend/controllers/admins.js": {"path":"/home/sonu/Desktop/bus_ticketing_system/bus_ticketing_app/backend/controllers/admins.js","statementMap":{"0":{"start":{"line":1,"column":15},"end":{"line":1,"column":42}},"1":{"start":{"line":2,"column":15},"end":{"line":2,"column":42}},"2":{"start":{"line":3,"column":14},"end":{"line":3,"column":40}},"3":{"start":{"line":4,"column":29},"end":{"line":4,"column":57}},"4":{"start":{"line":8,"column":18},"end":{"line":21,"column":1}},"5":{"start":{"line":9,"column":2},"end":{"line":20,"column":3}},"6":{"start":{"line":10,"column":19},"end":{"line":13,"column":5}},"7":{"start":{"line":14,"column":4},"end":{"line":16,"column":5}},"8":{"start":{"line":15,"column":6},"end":{"line":15,"column":80}},"9":{"start":{"line":17,"column":4},"end":{"line":17,"column":40}},"10":{"start":{"line":19,"column":4},"end":{"line":19,"column":54}},"11":{"start":{"line":25,"column":21},"end":{"line":57,"column":1}},"12":{"start":{"line":26,"column":17},"end":{"line":26,"column":38}},"13":{"start":{"line":27,"column":2},"end":{"line":29,"column":3}},"14":{"start":{"line":28,"column":4},"end":{"line":28,"column":60}},"15":{"start":{"line":30,"column":52},"end":{"line":30,"column":60}},"16":{"start":{"line":34,"column":23},"end":{"line":34,"column":64}},"17":{"start":{"line":35,"column":2},"end":{"line":35,"column":35}},"18":{"start":{"line":37,"column":2},"end":{"line":56,"column":3}},"19":{"start":{"line":38,"column":24},"end":{"line":38,"column":68}},"20":{"start":{"line":39,"column":4},"end":{"line":47,"column":5}},"21":{"start":{"line":41,"column":6},"end":{"line":45,"column":8}},"22":{"start":{"line":46,"column":6},"end":{"line":46,"column":49}},"23":{"start":{"line":51,"column":4},"end":{"line":51,"column":45}},"24":{"start":{"line":52,"column":4},"end":{"line":52,"column":31}},"25":{"start":{"line":53,"column":4},"end":{"line":53,"column":40}},"26":{"start":{"line":55,"column":4},"end":{"line":55,"column":47}},"27":{"start":{"line":60,"column":21},"end":{"line":74,"column":3}},"28":{"start":{"line":61,"column":2},"end":{"line":73,"column":5}},"29":{"start":{"line":62,"column":21},"end":{"line":62,"column":73}},"30":{"start":{"line":63,"column":6},"end":{"line":65,"column":7}},"31":{"start":{"line":64,"column":9},"end":{"line":64,"column":66}},"32":{"start":{"line":66,"column":6},"end":{"line":66,"column":53}},"33":{"start":{"line":67,"column":6},"end":{"line":67,"column":58}},"34":{"start":{"line":68,"column":6},"end":{"line":68,"column":69}},"35":{"start":{"line":71,"column":8},"end":{"line":71,"column":26}},"36":{"start":{"line":72,"column":6},"end":{"line":72,"column":49}},"37":{"start":{"line":77,"column":0},"end":{"line":77,"column":59}}},"fnMap":{"0":{"name":"(anonymous_0)","decl":{"start":{"line":8,"column":18},"end":{"line":8,"column":19}},"loc":{"start":{"line":8,"column":38},"end":{"line":21,"column":1}},"line":8},"1":{"name":"(anonymous_1)","decl":{"start":{"line":25,"column":21},"end":{"line":25,"column":22}},"loc":{"start":{"line":25,"column":41},"end":{"line":57,"column":1}},"line":25},"2":{"name":"(anonymous_2)","decl":{"start":{"line":60,"column":21},"end":{"line":60,"column":22}},"loc":{"start":{"line":60,"column":38},"end":{"line":74,"column":3}},"line":60}},"branchMap":{"0":{"loc":{"start":{"line":14,"column":4},"end":{"line":16,"column":5}},"type":"if","locations":[{"start":{"line":14,"column":4},"end":{"line":16,"column":5}},{"start":{"line":14,"column":4},"end":{"line":16,"column":5}}],"line":14},"1":{"loc":{"start":{"line":27,"column":2},"end":{"line":29,"column":3}},"type":"if","locations":[{"start":{"line":27,"column":2},"end":{"line":29,"column":3}},{"start":{"line":27,"column":2},"end":{"line":29,"column":3}}],"line":27},"2":{"loc":{"start":{"line":39,"column":4},"end":{"line":47,"column":5}},"type":"if","locations":[{"start":{"line":39,"column":4},"end":{"line":47,"column":5}},{"start":{"line":39,"column":4},"end":{"line":47,"column":5}}],"line":39},"3":{"loc":{"start":{"line":63,"column":6},"end":{"line":65,"column":7}},"type":"if","locations":[{"start":{"line":63,"column":6},"end":{"line":65,"column":7}},{"start":{"line":63,"column":6},"end":{"line":65,"column":7}}],"line":63}},"s":{"0":1,"1":1,"2":1,"3":1,"4":1,"5":4,"6":4,"7":3,"8":1,"9":2,"10":1,"11":1,"12":5,"13":5,"14":1,"15":4,"16":4,"17":4,"18":4,"19":4,"20":3,"21":1,"22":1,"23":2,"24":2,"25":2,"26":1,"27":1,"28":3,"29":3,"30":2,"31":1,"32":1,"33":1,"34":1,"35":1,"36":1,"37":1},"f":{"0":4,"1":5,"2":3},"b":{"0":[1,2],"1":[1,4],"2":[1,2],"3":[1,1]},"_coverageSchema":"1a1c01bbd47fc00a2c39e90264f33305004495a9","hash":"7a6e43c03cda363d8025912f0063d9737883d179"}
,"/home/sonu/Desktop/bus_ticketing_system/bus_ticketing_app/backend/controllers/demo.js": {"path":"/home/sonu/Desktop/bus_ticketing_system/bus_ticketing_app/backend/controllers/demo.js","statementMap":{"0":{"start":{"line":3,"column":13},"end":{"line":14,"column":1}},"1":{"start":{"line":5,"column":22},"end":{"line":5,"column":30}},"2":{"start":{"line":7,"column":4},"end":{"line":13,"column":5}},"3":{"start":{"line":8,"column":8},"end":{"line":8,"column":58}},"4":{"start":{"line":11,"column":8},"end":{"line":11,"column":70}},"5":{"start":{"line":16,"column":0},"end":{"line":16,"column":25}}},"fnMap":{"0":{"name":"(anonymous_0)","decl":{"start":{"line":3,"column":13},"end":{"line":3,"column":14}},"loc":{"start":{"line":3,"column":24},"end":{"line":14,"column":1}},"line":3}},"branchMap":{"0":{"loc":{"start":{"line":7,"column":4},"end":{"line":13,"column":5}},"type":"if","locations":[{"start":{"line":7,"column":4},"end":{"line":13,"column":5}},{"start":{"line":7,"column":4},"end":{"line":13,"column":5}}],"line":7}},"s":{"0":1,"1":1,"2":1,"3":1,"4":0,"5":1},"f":{"0":1},"b":{"0":[1,0]},"_coverageSchema":"1a1c01bbd47fc00a2c39e90264f33305004495a9","hash":"0ab31ef80c19e0e4e190b5dba279f812abb6978a"}
,"/home/sonu/Desktop/bus_ticketing_system/bus_ticketing_app/backend/controllers/getAllLocations.js": {"path":"/home/sonu/Desktop/bus_ticketing_system/bus_ticketing_app/backend/controllers/getAllLocations.js","statementMap":{"0":{"start":{"line":1,"column":17},"end":{"line":1,"column":47}},"1":{"start":{"line":3,"column":23},"end":{"line":11,"column":1}},"2":{"start":{"line":4,"column":4},"end":{"line":10,"column":5}},"3":{"start":{"line":5,"column":26},"end":{"line":5,"column":47}},"4":{"start":{"line":6,"column":8},"end":{"line":6,"column":39}},"5":{"start":{"line":8,"column":8},"end":{"line":8,"column":27}},"6":{"start":{"line":9,"column":8},"end":{"line":9,"column":45}},"7":{"start":{"line":14,"column":0},"end":{"line":14,"column":34}}},"fnMap":{"0":{"name":"(anonymous_0)","decl":{"start":{"line":3,"column":23},"end":{"line":3,"column":24}},"loc":{"start":{"line":3,"column":43},"end":{"line":11,"column":1}},"line":3}},"branchMap":{},"s":{"0":1,"1":1,"2":0,"3":0,"4":0,"5":0,"6":0,"7":1},"f":{"0":0},"b":{},"_coverageSchema":"1a1c01bbd47fc00a2c39e90264f33305004495a9","hash":"e7e49ece72808b208e1ba0e700d8f07b749295d9"}
,"/home/sonu/Desktop/bus_ticketing_system/bus_ticketing_app/backend/controllers/login.js": {"path":"/home/sonu/Desktop/bus_ticketing_system/bus_ticketing_app/backend/controllers/login.js","statementMap":{"0":{"start":{"line":1,"column":13},"end":{"line":1,"column":39}},"1":{"start":{"line":2,"column":15},"end":{"line":2,"column":32}},"2":{"start":{"line":3,"column":15},"end":{"line":3,"column":34}},"3":{"start":{"line":4,"column":12},"end":{"line":4,"column":35}},"4":{"start":{"line":6,"column":29},"end":{"line":6,"column":57}},"5":{"start":{"line":8,"column":26},"end":{"line":14,"column":1}},"6":{"start":{"line":13,"column":2},"end":{"line":13,"column":50}},"7":{"start":{"line":16,"column":20},"end":{"line":27,"column":1}},"8":{"start":{"line":17,"column":17},"end":{"line":17,"column":38}},"9":{"start":{"line":18,"column":2},"end":{"line":26,"column":3}},"10":{"start":{"line":19,"column":16},"end":{"line":22,"column":5}},"11":{"start":{"line":23,"column":4},"end":{"line":23,"column":15}},"12":{"start":{"line":25,"column":4},"end":{"line":25,"column":17}},"13":{"start":{"line":29,"column":14},"end":{"line":57,"column":1}},"14":{"start":{"line":30,"column":17},"end":{"line":30,"column":33}},"15":{"start":{"line":31,"column":2},"end":{"line":33,"column":3}},"16":{"start":{"line":32,"column":4},"end":{"line":32,"column":60}},"17":{"start":{"line":34,"column":30},"end":{"line":34,"column":38}},"18":{"start":{"line":35,"column":2},"end":{"line":56,"column":3}},"19":{"start":{"line":36,"column":15},"end":{"line":36,"column":44}},"20":{"start":{"line":37,"column":4},"end":{"line":39,"column":5}},"21":{"start":{"line":38,"column":6},"end":{"line":38,"column":80}},"22":{"start":{"line":40,"column":20},"end":{"line":40,"column":65}},"23":{"start":{"line":41,"column":4},"end":{"line":43,"column":5}},"24":{"start":{"line":42,"column":6},"end":{"line":42,"column":80}},"25":{"start":{"line":44,"column":20},"end":{"line":49,"column":5}},"26":{"start":{"line":50,"column":18},"end":{"line":50,"column":44}},"27":{"start":{"line":52,"column":4},"end":{"line":52,"column":43}},"28":{"start":{"line":54,"column":4},"end":{"line":54,"column":23}},"29":{"start":{"line":55,"column":4},"end":{"line":55,"column":50}},"30":{"start":{"line":59,"column":19},"end":{"line":90,"column":1}},"31":{"start":{"line":60,"column":17},"end":{"line":60,"column":33}},"32":{"start":{"line":61,"column":2},"end":{"line":63,"column":3}},"33":{"start":{"line":62,"column":4},"end":{"line":62,"column":60}},"34":{"start":{"line":64,"column":30},"end":{"line":64,"column":38}},"35":{"start":{"line":65,"column":2},"end":{"line":89,"column":3}},"36":{"start":{"line":66,"column":15},"end":{"line":66,"column":44}},"37":{"start":{"line":67,"column":4},"end":{"line":72,"column":5}},"38":{"start":{"line":68,"column":6},"end":{"line":68,"column":80}},"39":{"start":{"line":70,"column":9},"end":{"line":72,"column":5}},"40":{"start":{"line":71,"column":6},"end":{"line":71,"column":80}},"41":{"start":{"line":73,"column":20},"end":{"line":73,"column":65}},"42":{"start":{"line":74,"column":4},"end":{"line":76,"column":5}},"43":{"start":{"line":75,"column":6},"end":{"line":75,"column":80}},"44":{"start":{"line":77,"column":20},"end":{"line":82,"column":5}},"45":{"start":{"line":83,"column":18},"end":{"line":83,"column":44}},"46":{"start":{"line":85,"column":4},"end":{"line":85,"column":43}},"47":{"start":{"line":87,"column":4},"end":{"line":87,"column":23}},"48":{"start":{"line":88,"column":4},"end":{"line":88,"column":50}},"49":{"start":{"line":92,"column":0},"end":{"line":92,"column":39}}},"fnMap":{"0":{"name":"(anonymous_0)","decl":{"start":{"line":8,"column":26},"end":{"line":8,"column":27}},"loc":{"start":{"line":12,"column":2},"end":{"line":14,"column":1}},"line":12},"1":{"name":"(anonymous_1)","decl":{"start":{"line":16,"column":20},"end":{"line":16,"column":21}},"loc":{"start":{"line":16,"column":29},"end":{"line":27,"column":1}},"line":16},"2":{"name":"(anonymous_2)","decl":{"start":{"line":29,"column":14},"end":{"line":29,"column":15}},"loc":{"start":{"line":29,"column":40},"end":{"line":57,"column":1}},"line":29},"3":{"name":"(anonymous_3)","decl":{"start":{"line":59,"column":19},"end":{"line":59,"column":20}},"loc":{"start":{"line":59,"column":45},"end":{"line":90,"column":1}},"line":59}},"branchMap":{"0":{"loc":{"start":{"line":10,"column":2},"end":{"line":10,"column":34}},"type":"default-arg","locations":[{"start":{"line":10,"column":11},"end":{"line":10,"column":34}}],"line":10},"1":{"loc":{"start":{"line":11,"column":2},"end":{"line":11,"column":19}},"type":"default-arg","locations":[{"start":{"line":11,"column":14},"end":{"line":11,"column":19}}],"line":11},"2":{"loc":{"start":{"line":18,"column":2},"end":{"line":26,"column":3}},"type":"if","locations":[{"start":{"line":18,"column":2},"end":{"line":26,"column":3}},{"start":{"line":18,"column":2},"end":{"line":26,"column":3}}],"line":18},"3":{"loc":{"start":{"line":31,"column":2},"end":{"line":33,"column":3}},"type":"if","locations":[{"start":{"line":31,"column":2},"end":{"line":33,"column":3}},{"start":{"line":31,"column":2},"end":{"line":33,"column":3}}],"line":31},"4":{"loc":{"start":{"line":37,"column":4},"end":{"line":39,"column":5}},"type":"if","locations":[{"start":{"line":37,"column":4},"end":{"line":39,"column":5}},{"start":{"line":37,"column":4},"end":{"line":39,"column":5}}],"line":37},"5":{"loc":{"start":{"line":41,"column":4},"end":{"line":43,"column":5}},"type":"if","locations":[{"start":{"line":41,"column":4},"end":{"line":43,"column":5}},{"start":{"line":41,"column":4},"end":{"line":43,"column":5}}],"line":41},"6":{"loc":{"start":{"line":61,"column":2},"end":{"line":63,"column":3}},"type":"if","locations":[{"start":{"line":61,"column":2},"end":{"line":63,"column":3}},{"start":{"line":61,"column":2},"end":{"line":63,"column":3}}],"line":61},"7":{"loc":{"start":{"line":67,"column":4},"end":{"line":72,"column":5}},"type":"if","locations":[{"start":{"line":67,"column":4},"end":{"line":72,"column":5}},{"start":{"line":67,"column":4},"end":{"line":72,"column":5}}],"line":67},"8":{"loc":{"start":{"line":70,"column":9},"end":{"line":72,"column":5}},"type":"if","locations":[{"start":{"line":70,"column":9},"end":{"line":72,"column":5}},{"start":{"line":70,"column":9},"end":{"line":72,"column":5}}],"line":70},"9":{"loc":{"start":{"line":74,"column":4},"end":{"line":76,"column":5}},"type":"if","locations":[{"start":{"line":74,"column":4},"end":{"line":76,"column":5}},{"start":{"line":74,"column":4},"end":{"line":76,"column":5}}],"line":74}},"s":{"0":1,"1":1,"2":1,"3":1,"4":1,"5":1,"6":2,"7":1,"8":3,"9":3,"10":0,"11":0,"12":3,"13":1,"14":3,"15":3,"16":0,"17":3,"18":3,"19":3,"20":3,"21":1,"22":2,"23":2,"24":0,"25":2,"26":2,"27":2,"28":0,"29":0,"30":1,"31":0,"32":0,"33":0,"34":0,"35":0,"36":0,"37":0,"38":0,"39":0,"40":0,"41":0,"42":0,"43":0,"44":0,"45":0,"46":0,"47":0,"48":0,"49":1},"f":{"0":2,"1":3,"2":3,"3":0},"b":{"0":[2],"1":[2],"2":[0,3],"3":[0,3],"4":[1,2],"5":[0,2],"6":[0,0],"7":[0,0],"8":[0,0],"9":[0,0]},"_coverageSchema":"1a1c01bbd47fc00a2c39e90264f33305004495a9","hash":"5b4ecab9deb61d124db4817b9d476f5c55386bd1"}
,"/home/sonu/Desktop/bus_ticketing_system/bus_ticketing_app/backend/controllers/signup.js": {"path":"/home/sonu/Desktop/bus_ticketing_system/bus_ticketing_app/backend/controllers/signup.js","statementMap":{"0":{"start":{"line":1,"column":13},"end":{"line":1,"column":39}},"1":{"start":{"line":2,"column":15},"end":{"line":2,"column":32}},"2":{"start":{"line":3,"column":15},"end":{"line":3,"column":34}},"3":{"start":{"line":4,"column":12},"end":{"line":4,"column":35}},"4":{"start":{"line":6,"column":29},"end":{"line":6,"column":57}},"5":{"start":{"line":9,"column":20},"end":{"line":22,"column":1}},"6":{"start":{"line":10,"column":19},"end":{"line":10,"column":40}},"7":{"start":{"line":11,"column":4},"end":{"line":20,"column":5}},"8":{"start":{"line":12,"column":20},"end":{"line":15,"column":9}},"9":{"start":{"line":16,"column":8},"end":{"line":16,"column":18}},"10":{"start":{"line":19,"column":8},"end":{"line":19,"column":20}},"11":{"start":{"line":24,"column":26},"end":{"line":26,"column":1}},"12":{"start":{"line":25,"column":4},"end":{"line":25,"column":50}},"13":{"start":{"line":27,"column":19},"end":{"line":65,"column":1}},"14":{"start":{"line":28,"column":19},"end":{"line":28,"column":41}},"15":{"start":{"line":29,"column":4},"end":{"line":31,"column":5}},"16":{"start":{"line":30,"column":8},"end":{"line":30,"column":27}},"17":{"start":{"line":33,"column":45},"end":{"line":33,"column":53}},"18":{"start":{"line":34,"column":19},"end":{"line":34,"column":48}},"19":{"start":{"line":35,"column":8},"end":{"line":37,"column":9}},"20":{"start":{"line":36,"column":12},"end":{"line":36,"column":77}},"21":{"start":{"line":39,"column":8},"end":{"line":44,"column":10}},"22":{"start":{"line":48,"column":21},"end":{"line":48,"column":45}},"23":{"start":{"line":50,"column":8},"end":{"line":50,"column":57}},"24":{"start":{"line":52,"column":8},"end":{"line":52,"column":25}},"25":{"start":{"line":54,"column":24},"end":{"line":59,"column":9}},"26":{"start":{"line":61,"column":22},"end":{"line":61,"column":48}},"27":{"start":{"line":64,"column":8},"end":{"line":64,"column":39}},"28":{"start":{"line":66,"column":0},"end":{"line":66,"column":32}}},"fnMap":{"0":{"name":"(anonymous_0)","decl":{"start":{"line":9,"column":20},"end":{"line":9,"column":21}},"loc":{"start":{"line":9,"column":27},"end":{"line":22,"column":1}},"line":9},"1":{"name":"(anonymous_1)","decl":{"start":{"line":24,"column":26},"end":{"line":24,"column":27}},"loc":{"start":{"line":24,"column":97},"end":{"line":26,"column":1}},"line":24},"2":{"name":"(anonymous_2)","decl":{"start":{"line":27,"column":19},"end":{"line":27,"column":20}},"loc":{"start":{"line":27,"column":45},"end":{"line":65,"column":1}},"line":27}},"branchMap":{"0":{"loc":{"start":{"line":11,"column":4},"end":{"line":20,"column":5}},"type":"if","locations":[{"start":{"line":11,"column":4},"end":{"line":20,"column":5}},{"start":{"line":11,"column":4},"end":{"line":20,"column":5}}],"line":11},"1":{"loc":{"start":{"line":24,"column":44},"end":{"line":24,"column":76}},"type":"default-arg","locations":[{"start":{"line":24,"column":53},"end":{"line":24,"column":76}}],"line":24},"2":{"loc":{"start":{"line":24,"column":78},"end":{"line":24,"column":95}},"type":"default-arg","locations":[{"start":{"line":24,"column":90},"end":{"line":24,"column":95}}],"line":24},"3":{"loc":{"start":{"line":29,"column":4},"end":{"line":31,"column":5}},"type":"if","locations":[{"start":{"line":29,"column":4},"end":{"line":31,"column":5}},{"start":{"line":29,"column":4},"end":{"line":31,"column":5}}],"line":29},"4":{"loc":{"start":{"line":35,"column":8},"end":{"line":37,"column":9}},"type":"if","locations":[{"start":{"line":35,"column":8},"end":{"line":37,"column":9}},{"start":{"line":35,"column":8},"end":{"line":37,"column":9}}],"line":35}},"s":{"0":1,"1":1,"2":1,"3":1,"4":1,"5":1,"6":4,"7":4,"8":1,"9":1,"10":3,"11":1,"12":2,"13":1,"14":4,"15":4,"16":1,"17":3,"18":3,"19":3,"20":1,"21":2,"22":2,"23":2,"24":2,"25":2,"26":2,"27":2,"28":1},"f":{"0":4,"1":2,"2":4},"b":{"0":[1,3],"1":[2],"2":[2],"3":[1,3],"4":[1,2]},"_coverageSchema":"1a1c01bbd47fc00a2c39e90264f33305004495a9","hash":"5f7c98e56fc79fd21e3d79e8ad8b0c88c1ec2539"}
,"/home/sonu/Desktop/bus_ticketing_system/bus_ticketing_app/backend/controllers/staffs.js": {"path":"/home/sonu/Desktop/bus_ticketing_system/bus_ticketing_app/backend/controllers/staffs.js","statementMap":{"0":{"start":{"line":1,"column":29},"end":{"line":1,"column":57}},"1":{"start":{"line":2,"column":15},"end":{"line":2,"column":42}},"2":{"start":{"line":3,"column":15},"end":{"line":3,"column":42}},"3":{"start":{"line":5,"column":17},"end":{"line":33,"column":1}},"4":{"start":{"line":6,"column":17},"end":{"line":6,"column":38}},"5":{"start":{"line":7,"column":2},"end":{"line":9,"column":3}},"6":{"start":{"line":8,"column":4},"end":{"line":8,"column":60}},"7":{"start":{"line":11,"column":45},"end":{"line":11,"column":53}},"8":{"start":{"line":12,"column":20},"end":{"line":12,"column":54}},"9":{"start":{"line":13,"column":2},"end":{"line":13,"column":34}},"10":{"start":{"line":14,"column":2},"end":{"line":32,"column":3}},"11":{"start":{"line":15,"column":24},"end":{"line":15,"column":68}},"12":{"start":{"line":16,"column":4},"end":{"line":29,"column":5}},"13":{"start":{"line":17,"column":18},"end":{"line":17,"column":56}},"14":{"start":{"line":18,"column":6},"end":{"line":20,"column":7}},"15":{"start":{"line":19,"column":8},"end":{"line":19,"column":77}},"16":{"start":{"line":21,"column":6},"end":{"line":23,"column":9}},"17":{"start":{"line":25,"column":6},"end":{"line":25,"column":25}},"18":{"start":{"line":26,"column":6},"end":{"line":26,"column":34}},"19":{"start":{"line":28,"column":6},"end":{"line":28,"column":79}},"20":{"start":{"line":31,"column":4},"end":{"line":31,"column":52}},"21":{"start":{"line":35,"column":0},"end":{"line":35,"column":30}}},"fnMap":{"0":{"name":"(anonymous_0)","decl":{"start":{"line":5,"column":17},"end":{"line":5,"column":18}},"loc":{"start":{"line":5,"column":37},"end":{"line":33,"column":1}},"line":5}},"branchMap":{"0":{"loc":{"start":{"line":7,"column":2},"end":{"line":9,"column":3}},"type":"if","locations":[{"start":{"line":7,"column":2},"end":{"line":9,"column":3}},{"start":{"line":7,"column":2},"end":{"line":9,"column":3}}],"line":7},"1":{"loc":{"start":{"line":16,"column":4},"end":{"line":29,"column":5}},"type":"if","locations":[{"start":{"line":16,"column":4},"end":{"line":29,"column":5}},{"start":{"line":16,"column":4},"end":{"line":29,"column":5}}],"line":16},"2":{"loc":{"start":{"line":18,"column":6},"end":{"line":20,"column":7}},"type":"if","locations":[{"start":{"line":18,"column":6},"end":{"line":20,"column":7}},{"start":{"line":18,"column":6},"end":{"line":20,"column":7}}],"line":18}},"s":{"0":1,"1":1,"2":1,"3":1,"4":6,"5":6,"6":1,"7":5,"8":5,"9":5,"10":5,"11":5,"12":4,"13":3,"14":3,"15":1,"16":2,"17":2,"18":2,"19":1,"20":1,"21":1},"f":{"0":6},"b":{"0":[1,5],"1":[3,1],"2":[1,2]},"_coverageSchema":"1a1c01bbd47fc00a2c39e90264f33305004495a9","hash":"05a2ca6b8b4d662866c3fcdec24032fb1341f5cd"}
,"/home/sonu/Desktop/bus_ticketing_system/bus_ticketing_app/backend/controllers/tickets.js": {"path":"/home/sonu/Desktop/bus_ticketing_system/bus_ticketing_app/backend/controllers/tickets.js","statementMap":{"0":{"start":{"line":1,"column":12},"end":{"line":1,"column":38}},"1":{"start":{"line":2,"column":16},"end":{"line":2,"column":44}},"2":{"start":{"line":3,"column":29},"end":{"line":3,"column":57}},"3":{"start":{"line":4,"column":29},"end":{"line":4,"column":65}},"4":{"start":{"line":5,"column":19},"end":{"line":5,"column":40}},"5":{"start":{"line":7,"column":18},"end":{"line":13,"column":2}},"6":{"start":{"line":16,"column":20},"end":{"line":129,"column":1}},"7":{"start":{"line":17,"column":17},"end":{"line":17,"column":38}},"8":{"start":{"line":18,"column":2},"end":{"line":20,"column":3}},"9":{"start":{"line":19,"column":4},"end":{"line":19,"column":60}},"10":{"start":{"line":22,"column":66},"end":{"line":22,"column":74}},"11":{"start":{"line":23,"column":23},"end":{"line":28,"column":3}},"12":{"start":{"line":30,"column":2},"end":{"line":128,"column":3}},"13":{"start":{"line":31,"column":16},"end":{"line":31,"column":52}},"14":{"start":{"line":32,"column":4},"end":{"line":34,"column":5}},"15":{"start":{"line":33,"column":6},"end":{"line":33,"column":73}},"16":{"start":{"line":35,"column":16},"end":{"line":35,"column":25}},"17":{"start":{"line":37,"column":27},"end":{"line":37,"column":67}},"18":{"start":{"line":38,"column":4},"end":{"line":40,"column":5}},"19":{"start":{"line":39,"column":6},"end":{"line":39,"column":85}},"20":{"start":{"line":43,"column":4},"end":{"line":45,"column":7}},"21":{"start":{"line":44,"column":6},"end":{"line":44,"column":49}},"22":{"start":{"line":47,"column":4},"end":{"line":50,"column":5}},"23":{"start":{"line":49,"column":6},"end":{"line":49,"column":71}},"24":{"start":{"line":52,"column":4},"end":{"line":52,"column":38}},"25":{"start":{"line":53,"column":4},"end":{"line":53,"column":33}},"26":{"start":{"line":54,"column":27},"end":{"line":54,"column":52}},"27":{"start":{"line":55,"column":4},"end":{"line":55,"column":32}},"28":{"start":{"line":125,"column":4},"end":{"line":125,"column":48}},"29":{"start":{"line":127,"column":4},"end":{"line":127,"column":57}},"30":{"start":{"line":134,"column":21},"end":{"line":147,"column":1}},"31":{"start":{"line":135,"column":13},"end":{"line":135,"column":17}},"32":{"start":{"line":136,"column":2},"end":{"line":145,"column":3}},"33":{"start":{"line":136,"column":15},"end":{"line":136,"column":16}},"34":{"start":{"line":137,"column":4},"end":{"line":144,"column":5}},"35":{"start":{"line":137,"column":17},"end":{"line":137,"column":18}},"36":{"start":{"line":138,"column":6},"end":{"line":143,"column":7}},"37":{"start":{"line":139,"column":8},"end":{"line":139,"column":21}},"38":{"start":{"line":140,"column":8},"end":{"line":140,"column":14}},"39":{"start":{"line":142,"column":8},"end":{"line":142,"column":20}},"40":{"start":{"line":146,"column":2},"end":{"line":146,"column":14}},"41":{"start":{"line":149,"column":22},"end":{"line":160,"column":1}},"42":{"start":{"line":150,"column":2},"end":{"line":159,"column":3}},"43":{"start":{"line":151,"column":18},"end":{"line":151,"column":85}},"44":{"start":{"line":152,"column":4},"end":{"line":154,"column":5}},"45":{"start":{"line":153,"column":4},"end":{"line":153,"column":57}},"46":{"start":{"line":155,"column":4},"end":{"line":155,"column":61}},"47":{"start":{"line":156,"column":4},"end":{"line":156,"column":69}},"48":{"start":{"line":158,"column":4},"end":{"line":158,"column":53}},"49":{"start":{"line":162,"column":0},"end":{"line":162,"column":48}}},"fnMap":{"0":{"name":"(anonymous_0)","decl":{"start":{"line":16,"column":20},"end":{"line":16,"column":21}},"loc":{"start":{"line":16,"column":40},"end":{"line":129,"column":1}},"line":16},"1":{"name":"(anonymous_1)","decl":{"start":{"line":43,"column":31},"end":{"line":43,"column":32}},"loc":{"start":{"line":43,"column":47},"end":{"line":45,"column":5}},"line":43},"2":{"name":"(anonymous_2)","decl":{"start":{"line":134,"column":21},"end":{"line":134,"column":22}},"loc":{"start":{"line":134,"column":48},"end":{"line":147,"column":1}},"line":134},"3":{"name":"(anonymous_3)","decl":{"start":{"line":149,"column":22},"end":{"line":149,"column":23}},"loc":{"start":{"line":149,"column":42},"end":{"line":160,"column":1}},"line":149}},"branchMap":{"0":{"loc":{"start":{"line":18,"column":2},"end":{"line":20,"column":3}},"type":"if","locations":[{"start":{"line":18,"column":2},"end":{"line":20,"column":3}},{"start":{"line":18,"column":2},"end":{"line":20,"column":3}}],"line":18},"1":{"loc":{"start":{"line":32,"column":4},"end":{"line":34,"column":5}},"type":"if","locations":[{"start":{"line":32,"column":4},"end":{"line":34,"column":5}},{"start":{"line":32,"column":4},"end":{"line":34,"column":5}}],"line":32},"2":{"loc":{"start":{"line":38,"column":4},"end":{"line":40,"column":5}},"type":"if","locations":[{"start":{"line":38,"column":4},"end":{"line":40,"column":5}},{"start":{"line":38,"column":4},"end":{"line":40,"column":5}}],"line":38},"3":{"loc":{"start":{"line":47,"column":4},"end":{"line":50,"column":5}},"type":"if","locations":[{"start":{"line":47,"column":4},"end":{"line":50,"column":5}},{"start":{"line":47,"column":4},"end":{"line":50,"column":5}}],"line":47},"4":{"loc":{"start":{"line":138,"column":6},"end":{"line":143,"column":7}},"type":"if","locations":[{"start":{"line":138,"column":6},"end":{"line":143,"column":7}},{"start":{"line":138,"column":6},"end":{"line":143,"column":7}}],"line":138},"5":{"loc":{"start":{"line":152,"column":4},"end":{"line":154,"column":5}},"type":"if","locations":[{"start":{"line":152,"column":4},"end":{"line":154,"column":5}},{"start":{"line":152,"column":4},"end":{"line":154,"column":5}}],"line":152}},"s":{"0":1,"1":1,"2":1,"3":1,"4":1,"5":1,"6":1,"7":6,"8":6,"9":1,"10":5,"11":5,"12":5,"13":5,"14":4,"15":1,"16":3,"17":3,"18":3,"19":1,"20":2,"21":4,"22":2,"23":1,"24":1,"25":1,"26":1,"27":1,"28":1,"29":1,"30":1,"31":3,"32":3,"33":3,"34":6,"35":6,"36":9,"37":5,"38":5,"39":4,"40":3,"41":1,"42":0,"43":0,"44":0,"45":0,"46":0,"47":0,"48":0,"49":1},"f":{"0":6,"1":4,"2":3,"3":0},"b":{"0":[1,5],"1":[1,3],"2":[1,2],"3":[1,1],"4":[5,4],"5":[0,0]},"_coverageSchema":"1a1c01bbd47fc00a2c39e90264f33305004495a9","hash":"9f03ec502b3bf596421e3d81ae6fd73b7643ea83"}
,"/home/sonu/Desktop/bus_ticketing_system/bus_ticketing_app/backend/middlewares/auth.js": {"path":"/home/sonu/Desktop/bus_ticketing_system/bus_ticketing_app/backend/middlewares/auth.js","statementMap":{"0":{"start":{"line":1,"column":12},"end":{"line":1,"column":35}},"1":{"start":{"line":2,"column":15},"end":{"line":2,"column":32}},"2":{"start":{"line":5,"column":0},"end":{"line":19,"column":1}},"3":{"start":{"line":7,"column":18},"end":{"line":7,"column":44}},"4":{"start":{"line":8,"column":4},"end":{"line":10,"column":5}},"5":{"start":{"line":9,"column":8},"end":{"line":9,"column":79}},"6":{"start":{"line":12,"column":4},"end":{"line":18,"column":5}},"7":{"start":{"line":13,"column":24},"end":{"line":13,"column":66}},"8":{"start":{"line":14,"column":8},"end":{"line":14,"column":32}},"9":{"start":{"line":15,"column":8},"end":{"line":15,"column":15}},"10":{"start":{"line":17,"column":8},"end":{"line":17,"column":58}}},"fnMap":{"0":{"name":"(anonymous_0)","decl":{"start":{"line":5,"column":17},"end":{"line":5,"column":18}},"loc":{"start":{"line":5,"column":43},"end":{"line":19,"column":1}},"line":5}},"branchMap":{"0":{"loc":{"start":{"line":8,"column":4},"end":{"line":10,"column":5}},"type":"if","locations":[{"start":{"line":8,"column":4},"end":{"line":10,"column":5}},{"start":{"line":8,"column":4},"end":{"line":10,"column":5}}],"line":8}},"s":{"0":2,"1":2,"2":2,"3":13,"4":13,"5":1,"6":12,"7":12,"8":11,"9":11,"10":1},"f":{"0":13},"b":{"0":[1,12]},"_coverageSchema":"1a1c01bbd47fc00a2c39e90264f33305004495a9","hash":"47cb42f26c8d526a3e17d1675dc2d096decb43bf"}
,"/home/sonu/Desktop/bus_ticketing_system/bus_ticketing_app/backend/middlewares/isAdmin.js": {"path":"/home/sonu/Desktop/bus_ticketing_system/bus_ticketing_app/backend/middlewares/isAdmin.js","statementMap":{"0":{"start":{"line":2,"column":0},"end":{"line":10,"column":1}},"1":{"start":{"line":4,"column":20},"end":{"line":4,"column":36}},"2":{"start":{"line":5,"column":4},"end":{"line":8,"column":5}},"3":{"start":{"line":6,"column":20},"end":{"line":6,"column":69}},"4":{"start":{"line":7,"column":8},"end":{"line":7,"column":24}},"5":{"start":{"line":9,"column":4},"end":{"line":9,"column":10}}},"fnMap":{"0":{"name":"(anonymous_0)","decl":{"start":{"line":2,"column":17},"end":{"line":2,"column":18}},"loc":{"start":{"line":2,"column":35},"end":{"line":10,"column":1}},"line":2}},"branchMap":{"0":{"loc":{"start":{"line":5,"column":4},"end":{"line":8,"column":5}},"type":"if","locations":[{"start":{"line":5,"column":4},"end":{"line":8,"column":5}},{"start":{"line":5,"column":4},"end":{"line":8,"column":5}}],"line":5}},"s":{"0":2,"1":9,"2":9,"3":1,"4":1,"5":8},"f":{"0":9},"b":{"0":[1,8]},"_coverageSchema":"1a1c01bbd47fc00a2c39e90264f33305004495a9","hash":"1e25cf74ebcb2b5bd78416af69d6af774575c31d"}
,"/home/sonu/Desktop/bus_ticketing_system/bus_ticketing_app/backend/models/Agency.js": {"path":"/home/sonu/Desktop/bus_ticketing_system/bus_ticketing_app/backend/models/Agency.js","statementMap":{"0":{"start":{"line":1,"column":15},"end":{"line":1,"column":34}},"1":{"start":{"line":3,"column":20},"end":{"line":24,"column":5}},"2":{"start":{"line":25,"column":13},"end":{"line":25,"column":52}},"3":{"start":{"line":26,"column":0},"end":{"line":26,"column":21}}},"fnMap":{},"branchMap":{},"s":{"0":1,"1":1,"2":1,"3":1},"f":{},"b":{},"_coverageSchema":"1a1c01bbd47fc00a2c39e90264f33305004495a9","hash":"e6923b17d4f8eb1f400e17b06a70fea565683b8c"}
,"/home/sonu/Desktop/bus_ticketing_system/bus_ticketing_app/backend/models/Buses.js": {"path":"/home/sonu/Desktop/bus_ticketing_system/bus_ticketing_app/backend/models/Buses.js","statementMap":{"0":{"start":{"line":1,"column":17},"end":{"line":1,"column":36}},"1":{"start":{"line":3,"column":18},"end":{"line":86,"column":1}},"2":{"start":{"line":87,"column":12},"end":{"line":87,"column":46}},"3":{"start":{"line":88,"column":0},"end":{"line":88,"column":21}}},"fnMap":{},"branchMap":{},"s":{"0":1,"1":1,"2":1,"3":1},"f":{},"b":{},"_coverageSchema":"1a1c01bbd47fc00a2c39e90264f33305004495a9","hash":"1169e43cfbf4aaf644e3c23b695a0ed244d1ef20"}
,"/home/sonu/Desktop/bus_ticketing_system/bus_ticketing_app/backend/models/Locations.js": {"path":"/home/sonu/Desktop/bus_ticketing_system/bus_ticketing_app/backend/models/Locations.js","statementMap":{"0":{"start":{"line":1,"column":17},"end":{"line":1,"column":36}},"1":{"start":{"line":3,"column":23},"end":{"line":17,"column":4}},"2":{"start":{"line":20,"column":17},"end":{"line":20,"column":59}},"3":{"start":{"line":21,"column":0},"end":{"line":21,"column":26}}},"fnMap":{},"branchMap":{},"s":{"0":1,"1":1,"2":1,"3":1},"f":{},"b":{},"_coverageSchema":"1a1c01bbd47fc00a2c39e90264f33305004495a9","hash":"d1212f3132068d14e4490716c7a814df275f66e1"}
,"/home/sonu/Desktop/bus_ticketing_system/bus_ticketing_app/backend/models/Staffs.js": {"path":"/home/sonu/Desktop/bus_ticketing_system/bus_ticketing_app/backend/models/Staffs.js","statementMap":{"0":{"start":{"line":1,"column":17},"end":{"line":1,"column":36}},"1":{"start":{"line":3,"column":20},"end":{"line":28,"column":5}},"2":{"start":{"line":30,"column":14},"end":{"line":30,"column":51}},"3":{"start":{"line":31,"column":0},"end":{"line":31,"column":23}}},"fnMap":{},"branchMap":{},"s":{"0":1,"1":1,"2":1,"3":1},"f":{},"b":{},"_coverageSchema":"1a1c01bbd47fc00a2c39e90264f33305004495a9","hash":"054e417341d92f5d5cd20962f20f2179e41ba874"}
,"/home/sonu/Desktop/bus_ticketing_system/bus_ticketing_app/backend/models/Tickets.js": {"path":"/home/sonu/Desktop/bus_ticketing_system/bus_ticketing_app/backend/models/Tickets.js","statementMap":{"0":{"start":{"line":1,"column":17},"end":{"line":1,"column":36}},"1":{"start":{"line":2,"column":21},"end":{"line":43,"column":6}},"2":{"start":{"line":45,"column":16},"end":{"line":45,"column":55}},"3":{"start":{"line":46,"column":0},"end":{"line":46,"column":24}}},"fnMap":{},"branchMap":{},"s":{"0":1,"1":1,"2":1,"3":1},"f":{},"b":{},"_coverageSchema":"1a1c01bbd47fc00a2c39e90264f33305004495a9","hash":"67ed4ed87f2231ec76d307f73bb5f8b645d56f79"}
,"/home/sonu/Desktop/bus_ticketing_system/bus_ticketing_app/backend/models/Users.js": {"path":"/home/sonu/Desktop/bus_ticketing_system/bus_ticketing_app/backend/models/Users.js","statementMap":{"0":{"start":{"line":1,"column":17},"end":{"line":1,"column":36}},"1":{"start":{"line":2,"column":19},"end":{"line":25,"column":5}},"2":{"start":{"line":27,"column":13},"end":{"line":27,"column":48}},"3":{"start":{"line":29,"column":0},"end":{"line":29,"column":22}}},"fnMap":{},"branchMap":{},"s":{"0":1,"1":1,"2":1,"3":1},"f":{},"b":{},"_coverageSchema":"1a1c01bbd47fc00a2c39e90264f33305004495a9","hash":"93ad46e492429784d5bc4313687b66e8f5e49ea1"}
,"/home/sonu/Desktop/bus_ticketing_system/bus_ticketing_app/backend/routes/admins.js": {"path":"/home/sonu/Desktop/bus_ticketing_system/bus_ticketing_app/backend/routes/admins.js","statementMap":{"0":{"start":{"line":1,"column":16},"end":{"line":1,"column":34}},"1":{"start":{"line":2,"column":15},"end":{"line":2,"column":31}},"2":{"start":{"line":3,"column":13},"end":{"line":3,"column":43}},"3":{"start":{"line":4,"column":16},"end":{"line":4,"column":49}},"4":{"start":{"line":5,"column":49},"end":{"line":5,"column":81}},"5":{"start":{"line":6,"column":26},"end":{"line":6,"column":57}},"6":{"start":{"line":7,"column":21},"end":{"line":7,"column":53}},"7":{"start":{"line":8,"column":22},"end":{"line":8,"column":59}},"8":{"start":{"line":9,"column":14},"end":{"line":9,"column":41}},"9":{"start":{"line":10,"column":36},"end":{"line":10,"column":64}},"10":{"start":{"line":15,"column":0},"end":{"line":15,"column":47}},"11":{"start":{"line":20,"column":0},"end":{"line":20,"column":53}},"12":{"start":{"line":26,"column":0},"end":{"line":36,"column":17}},"13":{"start":{"line":41,"column":0},"end":{"line":47,"column":2}},"14":{"start":{"line":53,"column":0},"end":{"line":88,"column":10}},"15":{"start":{"line":93,"column":0},"end":{"line":105,"column":12}},"16":{"start":{"line":111,"column":0},"end":{"line":111,"column":46}},"17":{"start":{"line":113,"column":0},"end":{"line":113,"column":24}}},"fnMap":{},"branchMap":{},"s":{"0":1,"1":1,"2":1,"3":1,"4":1,"5":1,"6":1,"7":1,"8":1,"9":1,"10":1,"11":1,"12":1,"13":1,"14":1,"15":1,"16":1,"17":1},"f":{},"b":{},"_coverageSchema":"1a1c01bbd47fc00a2c39e90264f33305004495a9","hash":"992bf1043592e7d3a6e317b38bb98323d5dc0750"}
,"/home/sonu/Desktop/bus_ticketing_system/bus_ticketing_app/backend/routes/busSearch.js": {"path":"/home/sonu/Desktop/bus_ticketing_system/bus_ticketing_app/backend/routes/busSearch.js","statementMap":{"0":{"start":{"line":1,"column":16},"end":{"line":1,"column":34}},"1":{"start":{"line":2,"column":15},"end":{"line":2,"column":31}},"2":{"start":{"line":3,"column":13},"end":{"line":3,"column":43}},"3":{"start":{"line":4,"column":55},"end":{"line":4,"column":86}},"4":{"start":{"line":5,"column":24},"end":{"line":5,"column":57}},"5":{"start":{"line":6,"column":18},"end":{"line":6,"column":46}},"6":{"start":{"line":7,"column":16},"end":{"line":7,"column":49}},"7":{"start":{"line":13,"column":0},"end":{"line":20,"column":2}},"8":{"start":{"line":26,"column":0},"end":{"line":28,"column":2}},"9":{"start":{"line":33,"column":0},"end":{"line":35,"column":2}},"10":{"start":{"line":41,"column":0},"end":{"line":41,"column":46}},"11":{"start":{"line":47,"column":0},"end":{"line":56,"column":2}},"12":{"start":{"line":63,"column":0},"end":{"line":63,"column":24}}},"fnMap":{},"branchMap":{},"s":{"0":1,"1":1,"2":1,"3":1,"4":1,"5":1,"6":1,"7":1,"8":1,"9":1,"10":1,"11":1,"12":1},"f":{},"b":{},"_coverageSchema":"1a1c01bbd47fc00a2c39e90264f33305004495a9","hash":"7214077532a1b828c3aec07b60467552cab35c9b"}
,"/home/sonu/Desktop/bus_ticketing_system/bus_ticketing_app/backend/routes/getLocation.js": {"path":"/home/sonu/Desktop/bus_ticketing_system/bus_ticketing_app/backend/routes/getLocation.js","statementMap":{"0":{"start":{"line":1,"column":16},"end":{"line":1,"column":34}},"1":{"start":{"line":2,"column":15},"end":{"line":2,"column":31}},"2":{"start":{"line":3,"column":13},"end":{"line":3,"column":43}},"3":{"start":{"line":4,"column":29},"end":{"line":4,"column":70}},"4":{"start":{"line":6,"column":0},"end":{"line":6,"column":42}},"5":{"start":{"line":10,"column":0},"end":{"line":10,"column":24}}},"fnMap":{},"branchMap":{},"s":{"0":1,"1":1,"2":1,"3":1,"4":1,"5":1},"f":{},"b":{},"_coverageSchema":"1a1c01bbd47fc00a2c39e90264f33305004495a9","hash":"70059b9e4ddb227aeb6644cf8eba7e36fd130e2d"}
,"/home/sonu/Desktop/bus_ticketing_system/bus_ticketing_app/backend/routes/users.js": {"path":"/home/sonu/Desktop/bus_ticketing_system/bus_ticketing_app/backend/routes/users.js","statementMap":{"0":{"start":{"line":2,"column":16},"end":{"line":2,"column":34}},"1":{"start":{"line":3,"column":15},"end":{"line":3,"column":31}},"2":{"start":{"line":4,"column":13},"end":{"line":4,"column":39}},"3":{"start":{"line":5,"column":36},"end":{"line":5,"column":64}},"4":{"start":{"line":6,"column":23},"end":{"line":6,"column":55}},"5":{"start":{"line":7,"column":29},"end":{"line":7,"column":60}},"6":{"start":{"line":8,"column":26},"end":{"line":8,"column":59}},"7":{"start":{"line":9,"column":13},"end":{"line":9,"column":43}},"8":{"start":{"line":14,"column":0},"end":{"line":18,"column":14}},"9":{"start":{"line":23,"column":0},"end":{"line":26,"column":8}},"10":{"start":{"line":32,"column":0},"end":{"line":35,"column":13}},"11":{"start":{"line":39,"column":0},"end":{"line":47,"column":3}},"12":{"start":{"line":40,"column":4},"end":{"line":46,"column":5}},"13":{"start":{"line":41,"column":21},"end":{"line":41,"column":73}},"14":{"start":{"line":42,"column":8},"end":{"line":42,"column":23}},"15":{"start":{"line":44,"column":8},"end":{"line":44,"column":35}},"16":{"start":{"line":45,"column":8},"end":{"line":45,"column":44}},"17":{"start":{"line":51,"column":0},"end":{"line":53,"column":2}},"18":{"start":{"line":59,"column":0},"end":{"line":59,"column":24}}},"fnMap":{"0":{"name":"(anonymous_0)","decl":{"start":{"line":39,"column":26},"end":{"line":39,"column":27}},"loc":{"start":{"line":39,"column":46},"end":{"line":47,"column":1}},"line":39}},"branchMap":{},"s":{"0":1,"1":1,"2":1,"3":1,"4":1,"5":1,"6":1,"7":1,"8":1,"9":1,"10":1,"11":1,"12":0,"13":0,"14":0,"15":0,"16":0,"17":1,"18":1},"f":{"0":0},"b":{},"_coverageSchema":"1a1c01bbd47fc00a2c39e90264f33305004495a9","hash":"1ef87dda3b7888e1ec11875500076ad52a690c3d"}
,"/home/sonu/Desktop/bus_ticketing_system/bus_ticketing_app/backend/tests/addStaff.js": {"path":"/home/sonu/Desktop/bus_ticketing_system/bus_ticketing_app/backend/tests/addStaff.js","statementMap":{"0":{"start":{"line":1,"column":16},"end":{"line":1,"column":36}},"1":{"start":{"line":2,"column":12},"end":{"line":2,"column":32}},"2":{"start":{"line":3,"column":21},"end":{"line":3,"column":53}},"3":{"start":{"line":6,"column":21},"end":{"line":11,"column":1}},"4":{"start":{"line":7,"column":16},"end":{"line":7,"column":18}},"5":{"start":{"line":8,"column":4},"end":{"line":8,"column":48}},"6":{"start":{"line":9,"column":4},"end":{"line":9,"column":46}},"7":{"start":{"line":10,"column":4},"end":{"line":10,"column":14}},"8":{"start":{"line":13,"column":22},"end":{"line":99,"column":2}},"9":{"start":{"line":13,"column":28},"end":{"line":99,"column":2}},"10":{"start":{"line":15,"column":4},"end":{"line":26,"column":7}},"11":{"start":{"line":16,"column":20},"end":{"line":24,"column":234}},"12":{"start":{"line":25,"column":8},"end":{"line":25,"column":37}},"13":{"start":{"line":29,"column":4},"end":{"line":44,"column":7}},"14":{"start":{"line":30,"column":18},"end":{"line":38,"column":9}},"15":{"start":{"line":39,"column":20},"end":{"line":39,"column":34}},"16":{"start":{"line":40,"column":8},"end":{"line":40,"column":31}},"17":{"start":{"line":42,"column":8},"end":{"line":42,"column":52}},"18":{"start":{"line":43,"column":8},"end":{"line":43,"column":43}},"19":{"start":{"line":46,"column":4},"end":{"line":61,"column":7}},"20":{"start":{"line":47,"column":18},"end":{"line":55,"column":9}},"21":{"start":{"line":56,"column":20},"end":{"line":56,"column":34}},"22":{"start":{"line":57,"column":8},"end":{"line":57,"column":31}},"23":{"start":{"line":59,"column":8},"end":{"line":59,"column":52}},"24":{"start":{"line":60,"column":8},"end":{"line":60,"column":43}},"25":{"start":{"line":63,"column":4},"end":{"line":75,"column":7}},"26":{"start":{"line":64,"column":18},"end":{"line":69,"column":9}},"27":{"start":{"line":70,"column":20},"end":{"line":70,"column":34}},"28":{"start":{"line":71,"column":8},"end":{"line":71,"column":31}},"29":{"start":{"line":73,"column":8},"end":{"line":73,"column":52}},"30":{"start":{"line":74,"column":8},"end":{"line":74,"column":43}},"31":{"start":{"line":78,"column":4},"end":{"line":86,"column":7}},"32":{"start":{"line":79,"column":20},"end":{"line":79,"column":34}},"33":{"start":{"line":80,"column":18},"end":{"line":80,"column":80}},"34":{"start":{"line":82,"column":8},"end":{"line":82,"column":31}},"35":{"start":{"line":84,"column":8},"end":{"line":84,"column":53}},"36":{"start":{"line":85,"column":8},"end":{"line":85,"column":45}},"37":{"start":{"line":88,"column":4},"end":{"line":98,"column":7}},"38":{"start":{"line":89,"column":20},"end":{"line":89,"column":34}},"39":{"start":{"line":90,"column":18},"end":{"line":92,"column":21}},"40":{"start":{"line":94,"column":8},"end":{"line":94,"column":31}},"41":{"start":{"line":96,"column":8},"end":{"line":96,"column":53}},"42":{"start":{"line":97,"column":8},"end":{"line":97,"column":44}},"43":{"start":{"line":101,"column":0},"end":{"line":101,"column":34}}},"fnMap":{"0":{"name":"(anonymous_0)","decl":{"start":{"line":6,"column":21},"end":{"line":6,"column":22}},"loc":{"start":{"line":6,"column":27},"end":{"line":11,"column":1}},"line":6},"1":{"name":"(anonymous_1)","decl":{"start":{"line":13,"column":22},"end":{"line":13,"column":23}},"loc":{"start":{"line":13,"column":28},"end":{"line":99,"column":2}},"line":13},"2":{"name":"(anonymous_2)","decl":{"start":{"line":13,"column":79},"end":{"line":13,"column":80}},"loc":{"start":{"line":13,"column":83},"end":{"line":99,"column":1}},"line":13},"3":{"name":"(anonymous_3)","decl":{"start":{"line":15,"column":52},"end":{"line":15,"column":53}},"loc":{"start":{"line":15,"column":61},"end":{"line":26,"column":5}},"line":15},"4":{"name":"(anonymous_4)","decl":{"start":{"line":29,"column":49},"end":{"line":29,"column":50}},"loc":{"start":{"line":29,"column":58},"end":{"line":44,"column":5}},"line":29},"5":{"name":"(anonymous_5)","decl":{"start":{"line":46,"column":62},"end":{"line":46,"column":63}},"loc":{"start":{"line":46,"column":71},"end":{"line":61,"column":5}},"line":46},"6":{"name":"(anonymous_6)","decl":{"start":{"line":63,"column":67},"end":{"line":63,"column":68}},"loc":{"start":{"line":63,"column":76},"end":{"line":75,"column":5}},"line":63},"7":{"name":"(anonymous_7)","decl":{"start":{"line":78,"column":82},"end":{"line":78,"column":83}},"loc":{"start":{"line":78,"column":91},"end":{"line":86,"column":5}},"line":78},"8":{"name":"(anonymous_8)","decl":{"start":{"line":88,"column":55},"end":{"line":88,"column":56}},"loc":{"start":{"line":88,"column":64},"end":{"line":98,"column":5}},"line":88}},"branchMap":{},"s":{"0":1,"1":1,"2":1,"3":1,"4":5,"5":5,"6":5,"7":5,"8":1,"9":1,"10":1,"11":1,"12":1,"13":1,"14":1,"15":1,"16":1,"17":1,"18":1,"19":1,"20":1,"21":1,"22":1,"23":1,"24":1,"25":1,"26":1,"27":1,"28":1,"29":1,"30":1,"31":1,"32":1,"33":1,"34":1,"35":1,"36":1,"37":1,"38":1,"39":1,"40":1,"41":1,"42":1,"43":1},"f":{"0":5,"1":1,"2":1,"3":1,"4":1,"5":1,"6":1,"7":1,"8":1},"b":{},"_coverageSchema":"1a1c01bbd47fc00a2c39e90264f33305004495a9","hash":"d23b332dd6d0ae5683fab6a3873058fcaf208eec"}
,"/home/sonu/Desktop/bus_ticketing_system/bus_ticketing_app/backend/tests/addlocation.js": {"path":"/home/sonu/Desktop/bus_ticketing_system/bus_ticketing_app/backend/tests/addlocation.js","statementMap":{"0":{"start":{"line":1,"column":24},"end":{"line":1,"column":61}},"1":{"start":{"line":2,"column":16},"end":{"line":2,"column":36}},"2":{"start":{"line":3,"column":12},"end":{"line":3,"column":32}},"3":{"start":{"line":6,"column":21},"end":{"line":11,"column":1}},"4":{"start":{"line":7,"column":16},"end":{"line":7,"column":18}},"5":{"start":{"line":8,"column":4},"end":{"line":8,"column":48}},"6":{"start":{"line":9,"column":4},"end":{"line":9,"column":46}},"7":{"start":{"line":10,"column":4},"end":{"line":10,"column":14}},"8":{"start":{"line":14,"column":25},"end":{"line":55,"column":2}},"9":{"start":{"line":14,"column":31},"end":{"line":55,"column":2}},"10":{"start":{"line":15,"column":4},"end":{"line":15,"column":18}},"11":{"start":{"line":16,"column":4},"end":{"line":25,"column":6}},"12":{"start":{"line":17,"column":20},"end":{"line":23,"column":234}},"13":{"start":{"line":24,"column":8},"end":{"line":24,"column":37}},"14":{"start":{"line":27,"column":4},"end":{"line":39,"column":6}},"15":{"start":{"line":28,"column":18},"end":{"line":33,"column":9}},"16":{"start":{"line":34,"column":20},"end":{"line":34,"column":34}},"17":{"start":{"line":35,"column":8},"end":{"line":35,"column":34}},"18":{"start":{"line":37,"column":8},"end":{"line":37,"column":52}},"19":{"start":{"line":38,"column":8},"end":{"line":38,"column":43}},"20":{"start":{"line":42,"column":4},"end":{"line":54,"column":6}},"21":{"start":{"line":43,"column":18},"end":{"line":48,"column":9}},"22":{"start":{"line":49,"column":20},"end":{"line":49,"column":34}},"23":{"start":{"line":50,"column":8},"end":{"line":50,"column":34}},"24":{"start":{"line":52,"column":8},"end":{"line":52,"column":52}},"25":{"start":{"line":53,"column":8},"end":{"line":53,"column":88}},"26":{"start":{"line":57,"column":0},"end":{"line":57,"column":35}}},"fnMap":{"0":{"name":"(anonymous_0)","decl":{"start":{"line":6,"column":21},"end":{"line":6,"column":22}},"loc":{"start":{"line":6,"column":27},"end":{"line":11,"column":1}},"line":6},"1":{"name":"(anonymous_1)","decl":{"start":{"line":14,"column":25},"end":{"line":14,"column":26}},"loc":{"start":{"line":14,"column":31},"end":{"line":55,"column":2}},"line":14},"2":{"name":"(anonymous_2)","decl":{"start":{"line":14,"column":73},"end":{"line":14,"column":74}},"loc":{"start":{"line":14,"column":77},"end":{"line":55,"column":1}},"line":14},"3":{"name":"(anonymous_3)","decl":{"start":{"line":16,"column":55},"end":{"line":16,"column":56}},"loc":{"start":{"line":16,"column":64},"end":{"line":25,"column":5}},"line":16},"4":{"name":"(anonymous_4)","decl":{"start":{"line":27,"column":51},"end":{"line":27,"column":52}},"loc":{"start":{"line":27,"column":60},"end":{"line":39,"column":5}},"line":27},"5":{"name":"(anonymous_5)","decl":{"start":{"line":42,"column":80},"end":{"line":42,"column":81}},"loc":{"start":{"line":42,"column":89},"end":{"line":54,"column":5}},"line":42}},"branchMap":{},"s":{"0":1,"1":1,"2":1,"3":1,"4":2,"5":2,"6":2,"7":2,"8":1,"9":1,"10":1,"11":1,"12":1,"13":1,"14":1,"15":1,"16":1,"17":1,"18":1,"19":1,"20":1,"21":1,"22":1,"23":1,"24":1,"25":1,"26":1},"f":{"0":2,"1":1,"2":1,"3":1,"4":1,"5":1},"b":{},"_coverageSchema":"1a1c01bbd47fc00a2c39e90264f33305004495a9","hash":"9bae9ea18df022c4b9157c70810516e5002e4657"}
,"/home/sonu/Desktop/bus_ticketing_system/bus_ticketing_app/backend/tests/adminTests.js": {"path":"/home/sonu/Desktop/bus_ticketing_system/bus_ticketing_app/backend/tests/adminTests.js","statementMap":{"0":{"start":{"line":1,"column":16},"end":{"line":1,"column":36}},"1":{"start":{"line":2,"column":12},"end":{"line":2,"column":32}},"2":{"start":{"line":4,"column":49},"end":{"line":4,"column":81}},"3":{"start":{"line":8,"column":21},"end":{"line":13,"column":1}},"4":{"start":{"line":9,"column":16},"end":{"line":9,"column":18}},"5":{"start":{"line":10,"column":4},"end":{"line":10,"column":48}},"6":{"start":{"line":11,"column":4},"end":{"line":11,"column":46}},"7":{"start":{"line":12,"column":4},"end":{"line":12,"column":14}},"8":{"start":{"line":15,"column":21},"end":{"line":131,"column":2}},"9":{"start":{"line":15,"column":27},"end":{"line":131,"column":2}},"10":{"start":{"line":16,"column":4},"end":{"line":16,"column":18}},"11":{"start":{"line":18,"column":4},"end":{"line":85,"column":6}},"12":{"start":{"line":19,"column":8},"end":{"line":29,"column":11}},"13":{"start":{"line":20,"column":24},"end":{"line":27,"column":238}},"14":{"start":{"line":28,"column":12},"end":{"line":28,"column":41}},"15":{"start":{"line":31,"column":8},"end":{"line":43,"column":11}},"16":{"start":{"line":32,"column":24},"end":{"line":32,"column":38}},"17":{"start":{"line":33,"column":22},"end":{"line":38,"column":49}},"18":{"start":{"line":40,"column":12},"end":{"line":40,"column":39}},"19":{"start":{"line":42,"column":12},"end":{"line":42,"column":57}},"20":{"start":{"line":45,"column":8},"end":{"line":58,"column":11}},"21":{"start":{"line":46,"column":24},"end":{"line":46,"column":38}},"22":{"start":{"line":47,"column":22},"end":{"line":52,"column":49}},"23":{"start":{"line":54,"column":12},"end":{"line":54,"column":39}},"24":{"start":{"line":56,"column":12},"end":{"line":56,"column":57}},"25":{"start":{"line":57,"column":12},"end":{"line":57,"column":48}},"26":{"start":{"line":61,"column":8},"end":{"line":74,"column":11}},"27":{"start":{"line":62,"column":24},"end":{"line":62,"column":38}},"28":{"start":{"line":63,"column":22},"end":{"line":68,"column":25}},"29":{"start":{"line":70,"column":12},"end":{"line":70,"column":39}},"30":{"start":{"line":72,"column":12},"end":{"line":72,"column":57}},"31":{"start":{"line":73,"column":12},"end":{"line":73,"column":48}},"32":{"start":{"line":76,"column":8},"end":{"line":84,"column":11}},"33":{"start":{"line":77,"column":24},"end":{"line":77,"column":38}},"34":{"start":{"line":78,"column":22},"end":{"line":78,"column":84}},"35":{"start":{"line":80,"column":12},"end":{"line":80,"column":39}},"36":{"start":{"line":82,"column":12},"end":{"line":82,"column":57}},"37":{"start":{"line":83,"column":12},"end":{"line":83,"column":49}},"38":{"start":{"line":88,"column":4},"end":{"line":130,"column":6}},"39":{"start":{"line":89,"column":8},"end":{"line":94,"column":10}},"40":{"start":{"line":90,"column":24},"end":{"line":92,"column":238}},"41":{"
[...]
118,"column":74},"end":{"line":118,"column":75}},"loc":{"start":{"line":118,"column":86},"end":{"line":128,"column":7}},"line":118},"9":{"name":"(anonymous_9)","decl":{"start":{"line":130,"column":75},"end":{"line":130,"column":76}},"loc":{"start":{"line":130,"column":87},"end":{"line":141,"column":7}},"line":130},"10":{"name":"(anonymous_10)","decl":{"start":{"line":143,"column":75},"end":{"line":143,"column":76}},"loc":{"start":{"line":143,"column":87},"end":{"line":155,"column":7}},"line":143},"11":{"name":"(anonymous_11)","decl":{"start":{"line":156,"column":58},"end":{"line":156,"column":59}},"loc":{"start":{"line":156,"column":70},"end":{"line":165,"column":7}},"line":156},"12":{"name":"(anonymous_12)","decl":{"start":{"line":168,"column":70},"end":{"line":168,"column":71}},"loc":{"start":{"line":168,"column":76},"end":{"line":235,"column":5}},"line":168},"13":{"name":"(anonymous_13)","decl":{"start":{"line":183,"column":59},"end":{"line":183,"column":60}},"loc":{"start":{"line":183,"column":71},"end":{"line":194,"column":7}},"line":183},"14":{"name":"(anonymous_14)","decl":{"start":{"line":196,"column":55},"end":{"line":196,"column":56}},"loc":{"start":{"line":196,"column":67},"end":{"line":202,"column":7}},"line":196},"15":{"name":"(anonymous_15)","decl":{"start":{"line":204,"column":82},"end":{"line":204,"column":83}},"loc":{"start":{"line":204,"column":94},"end":{"line":214,"column":7}},"line":204},"16":{"name":"(anonymous_16)","decl":{"start":{"line":216,"column":79},"end":{"line":216,"column":80}},"loc":{"start":{"line":216,"column":91},"end":{"line":223,"column":7}},"line":216},"17":{"name":"(anonymous_17)","decl":{"start":{"line":225,"column":85},"end":{"line":225,"column":86}},"loc":{"start":{"line":225,"column":97},"end":{"line":234,"column":7}},"line":225},"18":{"name":"(anonymous_18)","decl":{"start":{"line":237,"column":51},"end":{"line":237,"column":52}},"loc":{"start":{"line":237,"column":57},"end":{"line":272,"column":5}},"line":237},"19":{"name":"(anonymous_19)","decl":{"start":{"line":238,"column":69},"end":{"line":238,"column":70}},"loc":{"start":{"line":238,"column":81},"end":{"line":246,"column":7}},"line":238},"20":{"name":"(anonymous_20)","decl":{"start":{"line":248,"column":81},"end":{"line":248,"column":82}},"loc":{"start":{"line":248,"column":93},"end":{"line":254,"column":7}},"line":248},"21":{"name":"(anonymous_21)","decl":{"start":{"line":256,"column":67},"end":{"line":256,"column":68}},"loc":{"start":{"line":256,"column":79},"end":{"line":262,"column":7}},"line":256},"22":{"name":"(anonymous_22)","decl":{"start":{"line":265,"column":54},"end":{"line":265,"column":55}},"loc":{"start":{"line":265,"column":66},"end":{"line":271,"column":7}},"line":265}},"branchMap":{},"s":{"0":1,"1":1,"2":1,"3":1,"4":1,"5":1,"6":1,"7":14,"8":14,"9":14,"10":14,"11":1,"12":1,"13":1,"14":1,"15":1,"16":1,"17":1,"18":1,"19":1,"20":1,"21":1,"22":1,"23":1,"24":1,"25":1,"26":1,"27":1,"28":1,"29":1,"30":1,"31":1,"32":1,"33":1,"34":1,"35":1,"36":1,"37":1,"38":1,"39":1,"40":1,"41":1,"42":1,"43":1,"44":1,"45":1,"46":1,"47":1,"48":1,"49":1,"50":1,"51":1,"52":1,"53":1,"54":1,"55":1,"56":1,"57":1,"58":1,"59":1,"60":1,"61":1,"62":1,"63":1,"64":1,"65":1,"66":1,"67":1,"68":1,"69":1,"70":1,"71":1,"72":1,"73":1,"74":1,"75":1,"76":1,"77":1,"78":1,"79":1,"80":1,"81":1,"82":1,"83":1,"84":1,"85":1,"86":1,"87":1,"88":1,"89":1,"90":1,"91":1,"92":1,"93":1,"94":1,"95":1,"96":1,"97":1,"98":1,"99":1,"100":1,"101":1,"102":1,"103":1,"104":1,"105":1,"106":0,"107":1,"108":1,"109":1,"110":1,"111":1,"112":1,"113":1,"114":1,"115":1,"116":1,"117":1,"118":0,"119":1},"f":{"0":14,"1":1,"2":1,"3":1,"4":1,"5":1,"6":1,"7":1,"8":1,"9":1,"10":1,"11":1,"12":1,"13":1,"14":1,"15":1,"16":1,"17":1,"18":1,"19":1,"20":1,"21":1,"22":1},"b":{},"_coverageSchema":"1a1c01bbd47fc00a2c39e90264f33305004495a9","hash":"ec7dd1dcfe6d74ca1fe7c646dea7d679ca8ed878"}
,"/home/sonu/Desktop/bus_ticketing_system/bus_ticketing_app/backend/tests/getBusStatus.js": {"path":"/home/sonu/Desktop/bus_ticketing_system/bus_ticketing_app/backend/tests/getBusStatus.js","statementMap":{"0":{"start":{"line":1,"column":16},"end":{"line":1,"column":36}},"1":{"start":{"line":2,"column":12},"end":{"line":2,"column":32}},"2":{"start":{"line":3,"column":25},"end":{"line":3,"column":56}},"3":{"start":{"line":4,"column":12},"end":{"line":4,"column":38}},"4":{"start":{"line":6,"column":21},"end":{"line":11,"column":3}},"5":{"start":{"line":7,"column":16},"end":{"line":7,"column":18}},"6":{"start":{"line":8,"column":4},"end":{"line":8,"column":48}},"7":{"start":{"line":9,"column":4},"end":{"line":9,"column":46}},"8":{"start":{"line":10,"column":4},"end":{"line":10,"column":15}},"9":{"start":{"line":14,"column":28},"end":{"line":50,"column":4}},"10":{"start":{"line":14,"column":33},"end":{"line":50,"column":4}},"11":{"start":{"line":16,"column":4},"end":{"line":24,"column":9}},"12":{"start":{"line":17,"column":20},"end":{"line":22,"column":11}},"13":{"start":{"line":23,"column":8},"end":{"line":23,"column":37}},"14":{"start":{"line":26,"column":6},"end":{"line":32,"column":9}},"15":{"start":{"line":27,"column":20},"end":{"line":27,"column":34}},"16":{"start":{"line":28,"column":20},"end":{"line":28,"column":69}},"17":{"start":{"line":29,"column":8},"end":{"line":29,"column":37}},"18":{"start":{"line":30,"column":8},"end":{"line":30,"column":53}},"19":{"start":{"line":31,"column":8},"end":{"line":31,"column":44}},"20":{"start":{"line":34,"column":6},"end":{"line":40,"column":9}},"21":{"start":{"line":35,"column":20},"end":{"line":35,"column":34}},"22":{"start":{"line":36,"column":20},"end":{"line":36,"column":69}},"23":{"start":{"line":37,"column":8},"end":{"line":37,"column":37}},"24":{"start":{"line":38,"column":8},"end":{"line":38,"column":53}},"25":{"start":{"line":39,"column":8},"end":{"line":39,"column":44}},"26":{"start":{"line":43,"column":6},"end":{"line":49,"column":9}},"27":{"start":{"line":44,"column":20},"end":{"line":44,"column":34}},"28":{"start":{"line":45,"column":20},"end":{"line":45,"column":52}},"29":{"start":{"line":46,"column":8},"end":{"line":46,"column":37}},"30":{"start":{"line":47,"column":8},"end":{"line":47,"column":53}},"31":{"start":{"line":48,"column":8},"end":{"line":48,"column":44}},"32":{"start":{"line":52,"column":2},"end":{"line":52,"column":40}}},"fnMap":{"0":{"name":"(anonymous_0)","decl":{"start":{"line":6,"column":21},"end":{"line":6,"column":22}},"loc":{"start":{"line":6,"column":27},"end":{"line":11,"column":3}},"line":6},"1":{"name":"(anonymous_1)","decl":{"start":{"line":14,"column":28},"end":{"line":14,"column":29}},"loc":{"start":{"line":14,"column":33},"end":{"line":50,"column":4}},"line":14},"2":{"name":"(anonymous_2)","decl":{"start":{"line":14,"column":95},"end":{"line":14,"column":96}},"loc":{"start":{"line":14,"column":101},"end":{"line":50,"column":3}},"line":14},"3":{"name":"(anonymous_3)","decl":{"start":{"line":16,"column":71},"end":{"line":16,"column":72}},"loc":{"start":{"line":16,"column":83},"end":{"line":24,"column":7}},"line":16},"4":{"name":"(anonymous_4)","decl":{"start":{"line":26,"column":92},"end":{"line":26,"column":93}},"loc":{"start":{"line":26,"column":104},"end":{"line":32,"column":7}},"line":26},"5":{"name":"(anonymous_5)","decl":{"start":{"line":34,"column":69},"end":{"line":34,"column":70}},"loc":{"start":{"line":34,"column":81},"end":{"line":40,"column":7}},"line":34},"6":{"name":"(anonymous_6)","decl":{"start":{"line":43,"column":54},"end":{"line":43,"column":55}},"loc":{"start":{"line":43,"column":66},"end":{"line":49,"column":7}},"line":43}},"branchMap":{},"s":{"0":1,"1":1,"2":1,"3":1,"4":1,"5":3,"6":3,"7":3,"8":3,"9":1,"10":1,"11":1,"12":1,"13":1,"14":1,"15":1,"16":1,"17":1,"18":1,"19":1,"20":1,"21":1,"22":1,"23":1,"24":1,"25":1,"26":1,"27":1,"28":1,"29":1,"30":1,"31":1,"32":1},"f":{"0":3,"1":1,"2":1,"3":1,"4":1,"5":1,"6":1},"b":{},"_coverageSchema":"1a1c01bbd47fc00a2c39e90264f33305004495a9","hash":"cc08ad1a3bded5f9171b453d90009bac0ad4750e"}
,"/home/sonu/Desktop/bus_ticketing_system/bus_ticketing_app/backend/tests/login.js": {"path":"/home/sonu/Desktop/bus_ticketing_system/bus_ticketing_app/backend/tests/login.js","statementMap":{"0":{"start":{"line":1,"column":16},"end":{"line":1,"column":36}},"1":{"start":{"line":2,"column":12},"end":{"line":2,"column":32}},"2":{"start":{"line":3,"column":18},"end":{"line":3,"column":49}},"3":{"start":{"line":6,"column":21},"end":{"line":13,"column":1}},"4":{"start":{"line":7,"column":16},"end":{"line":7,"column":18}},"5":{"start":{"line":8,"column":4},"end":{"line":8,"column":48}},"6":{"start":{"line":9,"column":4},"end":{"line":9,"column":46}},"7":{"start":{"line":10,"column":4},"end":{"line":10,"column":14}},"8":{"start":{"line":15,"column":19},"end":{"line":57,"column":2}},"9":{"start":{"line":15,"column":25},"end":{"line":57,"column":2}},"10":{"start":{"line":16,"column":4},"end":{"line":16,"column":20}},"11":{"start":{"line":17,"column":4},"end":{"line":26,"column":6}},"12":{"start":{"line":18,"column":20},"end":{"line":23,"column":10}},"13":{"start":{"line":24,"column":12},"end":{"line":24,"column":45}},"14":{"start":{"line":29,"column":4},"end":{"line":41,"column":6}},"15":{"start":{"line":30,"column":18},"end":{"line":35,"column":9}},"16":{"start":{"line":36,"column":20},"end":{"line":36,"column":34}},"17":{"start":{"line":38,"column":8},"end":{"line":38,"column":28}},"18":{"start":{"line":39,"column":8},"end":{"line":39,"column":52}},"19":{"start":{"line":40,"column":8},"end":{"line":40,"column":43}},"20":{"start":{"line":44,"column":4},"end":{"line":56,"column":6}},"21":{"start":{"line":45,"column":18},"end":{"line":50,"column":9}},"22":{"start":{"line":51,"column":20},"end":{"line":51,"column":34}},"23":{"start":{"line":53,"column":8},"end":{"line":53,"column":28}},"24":{"start":{"line":54,"column":8},"end":{"line":54,"column":52}},"25":{"start":{"line":55,"column":8},"end":{"line":55,"column":43}},"26":{"start":{"line":59,"column":0},"end":{"line":59,"column":31}}},"fnMap":{"0":{"name":"(anonymous_0)","decl":{"start":{"line":6,"column":21},"end":{"line":6,"column":22}},"loc":{"start":{"line":6,"column":27},"end":{"line":13,"column":1}},"line":6},"1":{"name":"(anonymous_1)","decl":{"start":{"line":15,"column":19},"end":{"line":15,"column":20}},"loc":{"start":{"line":15,"column":25},"end":{"line":57,"column":2}},"line":15},"2":{"name":"(anonymous_2)","decl":{"start":{"line":15,"column":61},"end":{"line":15,"column":62}},"loc":{"start":{"line":15,"column":65},"end":{"line":57,"column":1}},"line":15},"3":{"name":"(anonymous_3)","decl":{"start":{"line":17,"column":50},"end":{"line":17,"column":51}},"loc":{"start":{"line":17,"column":59},"end":{"line":26,"column":5}},"line":17},"4":{"name":"(anonymous_4)","decl":{"start":{"line":29,"column":60},"end":{"line":29,"column":61}},"loc":{"start":{"line":29,"column":69},"end":{"line":41,"column":5}},"line":29},"5":{"name":"(anonymous_5)","decl":{"start":{"line":44,"column":54},"end":{"line":44,"column":55}},"loc":{"start":{"line":44,"column":63},"end":{"line":56,"column":5}},"line":44}},"branchMap":{},"s":{"0":1,"1":1,"2":1,"3":1,"4":2,"5":2,"6":2,"7":2,"8":1,"9":1,"10":1,"11":1,"12":1,"13":1,"14":1,"15":1,"16":1,"17":1,"18":1,"19":1,"20":1,"21":1,"22":1,"23":1,"24":1,"25":1,"26":1},"f":{"0":2,"1":1,"2":1,"3":1,"4":1,"5":1},"b":{},"_coverageSchema":"1a1c01bbd47fc00a2c39e90264f33305004495a9","hash":"6185f4c07a832f6a180b5f0728054264f026e29d"}
,"/home/sonu/Desktop/bus_ticketing_system/bus_ticketing_app/backend/tests/ticketstest.js": {"path":"/home/sonu/Desktop/bus_ticketing_system/bus_ticketing_app/backend/tests/ticketstest.js","statementMap":{"0":{"start":{"line":1,"column":16},"end":{"line":1,"column":36}},"1":{"start":{"line":2,"column":12},"end":{"line":2,"column":32}},"2":{"start":{"line":3,"column":24},"end":{"line":3,"column":57}},"3":{"start":{"line":5,"column":21},"end":{"line":10,"column":1}},"4":{"start":{"line":6,"column":14},"end":{"line":6,"column":16}},"5":{"start":{"line":7,"column":2},"end":{"line":7,"column":46}},"6":{"start":{"line":8,"column":2},"end":{"line":8,"column":44}},"7":{"start":{"line":9,"column":2},"end":{"line":9,"column":13}},"8":{"start":{"line":12,"column":21},"end":{"line":117,"column":4}},"9":{"start":{"line":13,"column":2},"end":{"line":117,"column":4}},"10":{"start":{"line":15,"column":4},"end":{"line":36,"column":8}},"11":{"start":{"line":39,"column":4},"end":{"line":116,"column":7}},"12":{"start":{"line":40,"column":6},"end":{"line":51,"column":9}},"13":{"start":{"line":41,"column":20},"end":{"line":49,"column":11}},"14":{"start":{"line":50,"column":8},"end":{"line":50,"column":37}},"15":{"start":{"line":53,"column":6},"end":{"line":63,"column":9}},"16":{"start":{"line":54,"column":20},"end":{"line":54,"column":34}},"17":{"start":{"line":56,"column":18},"end":{"line":58,"column":9}},"18":{"start":{"line":60,"column":8},"end":{"line":60,"column":36}},"19":{"start":{"line":61,"column":8},"end":{"line":61,"column":53}},"20":{"start":{"line":62,"column":8},"end":{"line":62,"column":46}},"21":{"start":{"line":65,"column":6},"end":{"line":77,"column":9}},"22":{"start":{"line":66,"column":20},"end":{"line":66,"column":34}},"23":{"start":{"line":68,"column":18},"end":{"line":70,"column":9}},"24":{"start":{"line":72,"column":8},"end":{"line":72,"column":40}},"25":{"start":{"line":74,"column":8},"end":{"line":74,"column":36}},"26":{"start":{"line":75,"column":8},"end":{"line":75,"column":53}},"27":{"start":{"line":76,"column":8},"end":{"line":76,"column":46}},"28":{"start":{"line":79,"column":6},"end":{"line":92,"column":9}},"29":{"start":{"line":80,"column":20},"end":{"line":80,"column":34}},"30":{"start":{"line":82,"column":18},"end":{"line":84,"column":9}},"31":{"start":{"line":86,"column":8},"end":{"line":86,"column":59}},"32":{"start":{"line":87,"column":8},"end":{"line":87,"column":41}},"33":{"start":{"line":89,"column":8},"end":{"line":89,"column":36}},"34":{"start":{"line":90,"column":8},"end":{"line":90,"column":53}},"35":{"start":{"line":91,"column":8},"end":{"line":91,"column":46}},"36":{"start":{"line":94,"column":6},"end":{"line":103,"column":9}},"37":{"start":{"line":95,"column":20},"end":{"line":95,"column":34}},"38":{"start":{"line":96,"column":20},"end":{"line":98,"column":9}},"39":{"start":{"line":99,"column":8},"end":{"line":99,"column":36}},"40":{"start":{"line":101,"column":8},"end":{"line":101,"column":53}},"41":{"start":{"line":102,"column":8},"end":{"line":102,"column":44}},"42":{"start":{"line":105,"column":6},"end":{"line":115,"column":9}},"43":{"start":{"line":106,"column":20},"end":{"line":106,"column":34}},"44":{"start":{"line":108,"column":18},"end":{"line":110,"column":9}},"45":{"start":{"line":111,"column":8},"end":{"line":111,"column":29}},"46":{"start":{"line":112,"column":8},"end":{"line":112,"column":36}},"47":{"start":{"line":113,"column":8},"end":{"line":113,"column":53}},"48":{"start":{"line":114,"column":8},"end":{"line":114,"column":46}},"49":{"start":{"line":119,"column":0},"end":{"line":119,"column":34}}},"fnMap":{"0":{"name":"(anonymous_0)","decl":{"start":{"line":5,"column":21},"end":{"line":5,"column":22}},"loc":{"start":{"line":5,"column":27},"end":{"line":10,"column":1}},"line":5},"1":{"name":"(anonymous_1)","decl":{"start":{"line":12,"column":21},"end":{"line":12,"column":22}},"loc":{"start":{"line":13,"column":2},"end":{"line":117,"column":4}},"line":13},"2":{"name":"(anonymous_2)","decl":{"start":{"line":13,"column":45},"end":{"line":13,"column":46}},"loc":{"start":{"line":13,"column":51},"end":{"line":117,"column":3}},"line":13},"3":{"name":"(anonymous_3)","decl":{"start":{"line":39,"column":44},"end":{"line":39,"column":45}},"loc":{"start":{"line":39,"column":50},"end":{"line":116,"column":5}},"line":39},"4":{"name":"(anonymous_4)","decl":{"start":{"line":40,"column":59},"end":{"line":40,"column":60}},"loc":{"start":{"line":40,"column":71},"end":{"line":51,"column":7}},"line":40},"5":{"name":"(anonymous_5)","decl":{"start":{"line":53,"column":65},"end":{"line":53,"column":66}},"loc":{"start":{"line":53,"column":77},"end":{"line":63,"column":7}},"line":53},"6":{"name":"(anonymous_6)","decl":{"start":{"line":65,"column":78},"end":{"line":65,"column":79}},"loc":{"start":{"line":65,"column":90},"end":{"line":77,"column":7}},"line":65},"7":{"name":"(anonymous_7)","decl":{"start":{"line":79,"column":71},"end":{"line":79,"column":72}},"loc":{"start":{"line":79,"column":83},"end":{"line":92,"column":7}},"line":79},"8":{"name":"(anonymous_8)","decl":{"start":{"line":94,"column":85},"end":{"line":94,"column":86}},"loc":{"start":{"line":94,"column":97},"end":{"line":103,"column":7}},"line":94},"9":{"name":"(anonymous_9)","decl":{"start":{"line":105,"column":57},"end":{"line":105,"column":58}},"loc":{"start":{"line":105,"column":69},"end":{"line":115,"column":7}},"line":105}},"branchMap":{},"s":{"0":1,"1":1,"2":1,"3":1,"4":5,"5":5,"6":5,"7":5,"8":1,"9":1,"10":1,"11":1,"12":1,"13":1,"14":1,"15":1,"16":1,"17":1,"18":1,"19":1,"20":1,"21":1,"22":1,"23":1,"24":1,"25":1,"26":1,"27":1,"28":1,"29":1,"30":1,"31":1,"32":1,"33":1,"34":1,"35":1,"36":1,"37":1,"38":1,"39":1,"40":1,"41":1,"42":1,"43":1,"44":1,"45":1,"46":1,"47":1,"48":1,"49":1},"f":{"0":5,"1":1,"2":1,"3":1,"4":1,"5":1,"6":1,"7":1,"8":1,"9":1},"b":{},"_coverageSchema":"1a1c01bbd47fc00a2c39e90264f33305004495a9","hash":"6de7fcd92e62331ad5ad866b5fbfa592517e6dda"}
,"/home/sonu/Desktop/bus_ticketing_system/bus_ticketing_app/backend/utils/allBookedTickets.js": {"path":"/home/sonu/Desktop/bus_ticketing_system/bus_ticketing_app/backend/utils/allBookedTickets.js","statementMap":{"0":{"start":{"line":1,"column":16},"end":{"line":1,"column":44}},"1":{"start":{"line":4,"column":25},"end":{"line":12,"column":1}},"2":{"start":{"line":5,"column":16},"end":{"line":5,"column":45}},"3":{"start":{"line":7,"column":2},"end":{"line":7,"column":53}},"4":{"start":{"line":7,"column":36},"end":{"line":7,"column":51}},"5":{"start":{"line":9,"column":23},"end":{"line":9,"column":51}},"6":{"start":{"line":11,"column":2},"end":{"line":11,"column":23}},"7":{"start":{"line":14,"column":0},"end":{"line":14,"column":38}}},"fnMap":{"0":{"name":"(anonymous_0)","decl":{"start":{"line":4,"column":25},"end":{"line":4,"column":26}},"loc":{"start":{"line":4,"column":42},"end":{"line":12,"column":1}},"line":4},"1":{"name":"(anonymous_1)","decl":{"start":{"line":7,"column":24},"end":{"line":7,"column":25}},"loc":{"start":{"line":7,"column":36},"end":{"line":7,"column":51}},"line":7}},"branchMap":{},"s":{"0":1,"1":1,"2":5,"3":5,"4":2,"5":5,"6":5,"7":1},"f":{"0":5,"1":2},"b":{},"_coverageSchema":"1a1c01bbd47fc00a2c39e90264f33305004495a9","hash":"08d2248ba3eba19edf07a18fb9b9a35776aabdd4"}
,"/home/sonu/Desktop/bus_ticketing_system/bus_ticketing_app/backend/utils/searchLocation.js": {"path":"/home/sonu/Desktop/bus_ticketing_system/bus_ticketing_app/backend/utils/searchLocation.js","statementMap":{"0":{"start":{"line":1,"column":17},"end":{"line":1,"column":47}},"1":{"start":{"line":3,"column":23},"end":{"line":9,"column":1}},"2":{"start":{"line":4,"column":25},"end":{"line":4,"column":33}},"3":{"start":{"line":5,"column":20},"end":{"line":5,"column":75}},"4":{"start":{"line":6,"column":8},"end":{"line":8,"column":9}},"5":{"start":{"line":7,"column":12},"end":{"line":7,"column":28}},"6":{"start":{"line":10,"column":0},"end":{"line":10,"column":34}}},"fnMap":{"0":{"name":"(anonymous_0)","decl":{"start":{"line":3,"column":23},"end":{"line":3,"column":24}},"loc":{"start":{"line":3,"column":41},"end":{"line":9,"column":1}},"line":3}},"branchMap":{"0":{"loc":{"start":{"line":6,"column":8},"end":{"line":8,"column":9}},"type":"if","locations":[{"start":{"line":6,"column":8},"end":{"line":8,"column":9}},{"start":{"line":6,"column":8},"end":{"line":8,"column":9}}],"line":6}},"s":{"0":1,"1":1,"2":21,"3":21,"4":21,"5":17,"6":1},"f":{"0":21},"b":{"0":[17,4]},"_coverageSchema":"1a1c01bbd47fc00a2c39e90264f33305004495a9","hash":"100ad944f6bea7e161ddbfdbddb0043e7fa4a4af"}
}
