TN:
SF:server.js
FN:21,(anonymous_0)
FN:26,(anonymous_1)
FN:34,(anonymous_2)
FNF:3
FNH:0
FNDA:0,(anonymous_0)
FNDA:0,(anonymous_1)
FNDA:0,(anonymous_2)
DA:1,1
DA:2,1
DA:3,1
DA:5,1
DA:7,1
DA:9,1
DA:10,1
DA:12,1
DA:13,1
DA:16,1
DA:17,1
DA:19,1
DA:21,1
DA:22,0
DA:23,0
DA:26,1
DA:27,0
DA:32,1
DA:34,1
DA:35,0
DA:38,1
LF:21
LH:17
BRDA:27,0,0,0
BRDA:27,0,1,0
BRF:2
BRH:0
end_of_record
TN:
SF:config/db.js
FN:5,(anonymous_0)
FN:10,(anonymous_1)
FN:23,(anonymous_2)
FN:29,(anonymous_3)
FNF:4
FNH:4
FNDA:1,(anonymous_0)
FNDA:1,(anonymous_1)
FNDA:1,(anonymous_2)
FNDA:1,(anonymous_3)
DA:1,1
DA:2,1
DA:3,1
DA:5,1
DA:6,1
DA:7,1
DA:8,1
DA:10,1
DA:11,1
DA:12,1
DA:13,1
DA:19,1
DA:20,1
DA:23,1
DA:24,1
DA:25,1
DA:26,1
DA:29,1
DA:30,1
DA:31,1
DA:32,6
DA:33,6
DA:37,0
DA:38,0
DA:45,0
DA:47,0
DA:48,0
DA:55,1
LF:28
LH:23
BRDA:6,0,0,1
BRDA:6,0,1,0
BRF:2
BRH:1
end_of_record
TN:
SF:controllers/Buses.js
FN:11,(anonymous_0)
FN:105,(anonymous_1)
FN:118,(anonymous_2)
FN:119,(anonymous_3)
FN:128,(anonymous_4)
FN:155,(anonymous_5)
FN:171,(anonymous_6)
FN:187,(anonymous_7)
FN:206,(anonymous_8)
FN:236,(anonymous_9)
FNF:10
FNH:8
FNDA:8,(anonymous_0)
FNDA:5,(anonymous_1)
FNDA:10,(anonymous_2)
FNDA:10,(anonymous_3)
FNDA:5,(anonymous_4)
FNDA:2,(anonymous_5)
FNDA:4,(anonymous_6)
FNDA:0,(anonymous_7)
FNDA:4,(anonymous_8)
FNDA:0,(anonymous_9)
DA:1,1
DA:2,1
DA:3,1
DA:4,1
DA:5,1
DA:6,1
DA:7,1
DA:11,1
DA:12,8
DA:13,8
DA:14,1
DA:32,7
DA:34,7
DA:36,7
DA:47,7
DA:48,7
DA:50,7
DA:51,7
DA:52,6
DA:53,5
DA:55,5
DA:56,5
DA:58,5
DA:59,5
DA:60,5
DA:61,0
DA:63,5
DA:64,5
DA:65,5
DA:66,1
DA:67,4
DA:68,1
DA:69,3
DA:70,1
DA:72,2
DA:73,2
DA:74,2
DA:75,2
DA:77,2
DA:79,1
DA:84,1
DA:88,1
DA:90,1
DA:92,1
DA:93,1
DA:94,1
DA:96,1
DA:99,1
DA:100,1
DA:105,1
DA:106,5
DA:107,5
DA:108,5
DA:109,20
DA:110,20
DA:111,240
DA:113,20
DA:115,5
DA:118,1
DA:119,10
DA:120,10
DA:121,10
DA:122,10
DA:128,1
DA:129,5
DA:130,5
DA:131,1
DA:134,4
DA:136,4
DA:137,4
DA:138,4
DA:139,4
DA:140,2
DA:143,2
DA:152,2
DA:153,0
DA:155,2
DA:156,2
DA:157,2
DA:160,2
DA:161,0
DA:163,2
DA:165,0
DA:166,0
DA:171,1
DA:172,4
DA:173,4
DA:176,4
DA:177,4
DA:179,0
DA:181,0
DA:187,1
DA:188,0
DA:189,0
DA:190,0
DA:191,0
DA:192,0
DA:195,0
DA:196,0
DA:197,0
DA:200,0
DA:206,1
DA:207,4
DA:208,4
DA:209,3
DA:210,1
DA:212,2
DA:214,2
DA:215,2
DA:216,2
DA:217,2
DA:219,2
DA:220,8
DA:221,96
DA:222,96
DA:223,96
DA:224,48
DA:229,2
DA:230,2
DA:232,1
DA:236,1
DA:237,0
DA:238,0
DA:239,0
DA:240,0
DA:242,0
DA:244,0
DA:247,0
DA:251,1
LF:129
LH:106
BRDA:13,0,0,1
BRDA:13,0,1,7
BRDA:47,1,0,0
BRDA:47,1,1,7
BRDA:48,2,0,0
BRDA:48,2,1,7
BRDA:52,3,0,5
BRDA:52,3,1,1
BRDA:60,4,0,0
BRDA:60,4,1,5
BRDA:60,5,0,5
BRDA:60,5,1,5
BRDA:65,6,0,1
BRDA:65,6,1,4
BRDA:65,7,0,5
BRDA:65,7,1,4
BRDA:67,8,0,1
BRDA:67,8,1,3
BRDA:69,9,0,1
BRDA:69,9,1,2
BRDA:77,10,0,1
BRDA:77,10,1,1
BRDA:88,11,0,1
BRDA:88,11,1,0
BRDA:121,12,0,10
BRDA:121,12,1,0
BRDA:130,13,0,1
BRDA:130,13,1,4
BRDA:139,14,0,2
BRDA:139,14,1,2
BRDA:139,15,0,4
BRDA:139,15,1,4
BRDA:152,16,0,0
BRDA:152,16,1,2
BRDA:156,17,0,2
BRDA:156,17,1,0
BRDA:160,18,0,0
BRDA:160,18,1,2
BRDA:176,19,0,4
BRDA:176,19,1,0
BRDA:191,20,0,0
BRDA:191,20,1,0
BRDA:191,21,0,0
BRDA:191,21,1,0
BRDA:195,22,0,0
BRDA:195,22,1,0
BRDA:209,23,0,1
BRDA:209,23,1,2
BRDA:221,24,0,96
BRDA:221,24,1,0
BRDA:223,25,0,48
BRDA:223,25,1,48
BRDA:223,26,0,96
BRDA:223,26,1,72
BRDA:239,27,0,0
BRDA:239,27,1,0
BRF:56
BRH:38
end_of_record
TN:
SF:controllers/addLocation.js
FN:5,(anonymous_0)
FNF:1
FNH:1
FNDA:3,(anonymous_0)
DA:1,1
DA:2,1
DA:3,1
DA:5,1
DA:6,3
DA:7,3
DA:8,0
DA:10,3
DA:11,3
DA:12,3
DA:13,3
DA:14,1
DA:18,2
DA:22,2
DA:23,2
DA:25,0
DA:26,0
DA:31,1
LF:18
LH:15
BRDA:7,0,0,0
BRDA:7,0,1,3
BRDA:13,1,0,1
BRDA:13,1,1,2
BRF:4
BRH:3
end_of_record
TN:
SF:controllers/admins.js
FN:8,(anonymous_0)
FN:25,(anonymous_1)
FN:60,(anonymous_2)
FNF:3
FNH:3
FNDA:4,(anonymous_0)
FNDA:5,(anonymous_1)
FNDA:3,(anonymous_2)
DA:1,1
DA:2,1
DA:3,1
DA:4,1
DA:8,1
DA:9,4
DA:10,4
DA:14,3
DA:15,1
DA:17,2
DA:19,1
DA:25,1
DA:26,5
DA:27,5
DA:28,1
DA:30,4
DA:34,4
DA:35,4
DA:37,4
DA:38,4
DA:39,3
DA:41,1
DA:46,1
DA:51,2
DA:52,2
DA:53,2
DA:55,1
DA:60,1
DA:61,3
DA:62,3
DA:63,2
DA:64,1
DA:66,1
DA:67,1
DA:68,1
DA:71,1
DA:72,1
DA:77,1
LF:38
LH:38
BRDA:14,0,0,1
BRDA:14,0,1,2
BRDA:27,1,0,1
BRDA:27,1,1,4
BRDA:39,2,0,1
BRDA:39,2,1,2
BRDA:63,3,0,1
BRDA:63,3,1,1
BRF:8
BRH:8
end_of_record
TN:
SF:controllers/demo.js
FN:3,(anonymous_0)
FNF:1
FNH:1
FNDA:1,(anonymous_0)
DA:3,1
DA:5,1
DA:7,1
DA:8,1
DA:11,0
DA:16,1
LF:6
LH:5
BRDA:7,0,0,1
BRDA:7,0,1,0
BRF:2
BRH:1
end_of_record
TN:
SF:controllers/getAllLocations.js
FN:3,(anonymous_0)
FNF:1
FNH:0
FNDA:0,(anonymous_0)
DA:1,1
DA:3,1
DA:4,0
DA:5,0
DA:6,0
DA:8,0
DA:9,0
DA:14,1
LF:8
LH:3
BRF:0
BRH:0
end_of_record
TN:
SF:controllers/login.js
FN:8,(anonymous_0)
FN:16,(anonymous_1)
FN:29,(anonymous_2)
FN:59,(anonymous_3)
FNF:4
FNH:3
FNDA:2,(anonymous_0)
FNDA:3,(anonymous_1)
FNDA:3,(anonymous_2)
FNDA:0,(anonymous_3)
DA:1,1
DA:2,1
DA:3,1
DA:4,1
DA:6,1
DA:8,1
DA:13,2
DA:16,1
DA:17,3
DA:18,3
DA:19,0
DA:23,0
DA:25,3
DA:29,1
DA:30,3
DA:31,3
DA:32,0
DA:34,3
DA:35,3
DA:36,3
DA:37,3
DA:38,1
DA:40,2
DA:41,2
DA:42,0
DA:44,2
DA:50,2
DA:52,2
DA:54,0
DA:55,0
DA:59,1
DA:60,0
DA:61,0
DA:62,0
DA:64,0
DA:65,0
DA:66,0
DA:67,0
DA:68,0
DA:70,0
DA:71,0
DA:73,0
DA:74,0
DA:75,0
DA:77,0
DA:83,0
DA:85,0
DA:87,0
DA:88,0
DA:92,1
LF:50
LH:26
BRDA:10,0,0,2
BRDA:11,1,0,2
BRDA:18,2,0,0
BRDA:18,2,1,3
BRDA:31,3,0,0
BRDA:31,3,1,3
BRDA:37,4,0,1
BRDA:37,4,1,2
BRDA:41,5,0,0
BRDA:41,5,1,2
BRDA:61,6,0,0
BRDA:61,6,1,0
BRDA:67,7,0,0
BRDA:67,7,1,0
BRDA:70,8,0,0
BRDA:70,8,1,0
BRDA:74,9,0,0
BRDA:74,9,1,0
BRF:18
BRH:7
end_of_record
TN:
SF:controllers/signup.js
FN:9,(anonymous_0)
FN:24,(anonymous_1)
FN:27,(anonymous_2)
FNF:3
FNH:3
FNDA:4,(anonymous_0)
FNDA:2,(anonymous_1)
FNDA:4,(anonymous_2)
DA:1,1
DA:2,1
DA:3,1
DA:4,1
DA:6,1
DA:9,1
DA:10,4
DA:11,4
DA:12,1
DA:16,1
DA:19,3
DA:24,1
DA:25,2
DA:27,1
DA:28,4
DA:29,4
DA:30,1
DA:33,3
DA:34,3
DA:35,3
DA:36,1
DA:39,2
DA:48,2
DA:50,2
DA:52,2
DA:54,2
DA:61,2
DA:64,2
DA:66,1
LF:29
LH:29
BRDA:11,0,0,1
BRDA:11,0,1,3
BRDA:24,1,0,2
BRDA:24,2,0,2
BRDA:29,3,0,1
BRDA:29,3,1,3
BRDA:35,4,0,1
BRDA:35,4,1,2
BRF:8
BRH:8
end_of_record
TN:
SF:controllers/staffs.js
FN:5,(anonymous_0)
FNF:1
FNH:1
FNDA:6,(anonymous_0)
DA:1,1
DA:2,1
DA:3,1
DA:5,1
DA:6,6
DA:7,6
DA:8,1
DA:11,5
DA:12,5
DA:13,5
DA:14,5
DA:15,5
DA:16,4
DA:17,3
DA:18,3
DA:19,1
DA:21,2
DA:25,2
DA:26,2
DA:28,1
DA:31,1
DA:35,1
LF:22
LH:22
BRDA:7,0,0,1
BRDA:7,0,1,5
BRDA:16,1,0,3
BRDA:16,1,1,1
BRDA:18,2,0,1
BRDA:18,2,1,2
BRF:6
BRH:6
end_of_record
TN:
SF:controllers/tickets.js
FN:16,(anonymous_0)
FN:43,(anonymous_1)
FN:134,(anonymous_2)
FN:149,(anonymous_3)
FNF:4
FNH:3
FNDA:6,(anonymous_0)
FNDA:4,(anonymous_1)
FNDA:3,(anonymous_2)
FNDA:0,(anonymous_3)
DA:1,1
DA:2,1
DA:3,1
DA:4,1
DA:5,1
DA:7,1
DA:16,1
DA:17,6
DA:18,6
DA:19,1
DA:22,5
DA:23,5
DA:30,5
DA:31,5
DA:32,4
DA:33,1
DA:35,3
DA:37,3
DA:38,3
DA:39,1
DA:43,2
DA:44,4
DA:47,2
DA:49,1
DA:52,1
DA:53,1
DA:54,1
DA:55,1
DA:125,1
DA:127,1
DA:134,1
DA:135,3
DA:136,3
DA:137,6
DA:138,9
DA:139,5
DA:140,5
DA:142,4
DA:146,3
DA:149,1
DA:150,0
DA:151,0
DA:152,0
DA:153,0
DA:155,0
DA:156,0
DA:158,0
DA:162,1
LF:48
LH:41
BRDA:18,0,0,1
BRDA:18,0,1,5
BRDA:32,1,0,1
BRDA:32,1,1,3
BRDA:38,2,0,1
BRDA:38,2,1,2
BRDA:47,3,0,1
BRDA:47,3,1,1
BRDA:138,4,0,5
BRDA:138,4,1,4
BRDA:152,5,0,0
BRDA:152,5,1,0
BRF:12
BRH:10
end_of_record
TN:
SF:middlewares/auth.js
FN:5,(anonymous_0)
FNF:1
FNH:1
FNDA:13,(anonymous_0)
DA:1,2
DA:2,2
DA:5,2
DA:7,13
DA:8,13
DA:9,1
DA:12,12
DA:13,12
DA:14,11
DA:15,11
DA:17,1
LF:11
LH:11
BRDA:8,0,0,1
BRDA:8,0,1,12
BRF:2
BRH:2
end_of_record
TN:
SF:middlewares/isAdmin.js
FN:2,(anonymous_0)
FNF:1
FNH:1
FNDA:9,(anonymous_0)
DA:2,2
DA:4,9
DA:5,9
DA:6,1
DA:7,1
DA:9,8
LF:6
LH:6
BRDA:5,0,0,1
BRDA:5,0,1,8
BRF:2
BRH:2
end_of_record
TN:
SF:models/Agency.js
FNF:0
FNH:0
DA:1,1
DA:3,1
DA:25,1
DA:26,1
LF:4
LH:4
BRF:0
BRH:0
end_of_record
TN:
SF:models/Buses.js
FNF:0
FNH:0
DA:1,1
DA:3,1
DA:87,1
DA:88,1
LF:4
LH:4
BRF:0
BRH:0
end_of_record
TN:
SF:models/Locations.js
FNF:0
FNH:0
DA:1,1
DA:3,1
DA:20,1
DA:21,1
LF:4
LH:4
BRF:0
BRH:0
end_of_record
TN:
SF:models/Staffs.js
FNF:0
FNH:0
DA:1,1
DA:3,1
DA:30,1
DA:31,1
LF:4
LH:4
BRF:0
BRH:0
end_of_record
TN:
SF:models/Tickets.js
FNF:0
FNH:0
DA:1,1
DA:2,1
DA:45,1
DA:46,1
LF:4
LH:4
BRF:0
BRH:0
end_of_record
TN:
SF:models/Users.js
FNF:0
FNH:0
DA:1,1
DA:2,1
DA:27,1
DA:29,1
LF:4
LH:4
BRF:0
BRH:0
end_of_record
TN:
SF:routes/admins.js
FNF:0
FNH:0
DA:1,1
DA:2,1
DA:3,1
DA:4,1
DA:5,1
DA:6,1
DA:7,1
DA:8,1
DA:9,1
DA:10,1
DA:15,1
DA:20,1
DA:26,1
DA:41,1
DA:53,1
DA:93,1
DA:111,1
DA:113,1
LF:18
LH:18
BRF:0
BRH:0
end_of_record
TN:
SF:routes/busSearch.js
FNF:0
FNH:0
DA:1,1
DA:2,1
DA:3,1
DA:4,1
DA:5,1
DA:6,1
DA:7,1
DA:13,1
DA:26,1
DA:33,1
DA:41,1
DA:47,1
DA:63,1
LF:13
LH:13
BRF:0
BRH:0
end_of_record
TN:
SF:routes/getLocation.js
FNF:0
FNH:0
DA:1,1
DA:2,1
DA:3,1
DA:4,1
DA:6,1
DA:10,1
LF:6
LH:6
BRF:0
BRH:0
end_of_record
TN:
SF:routes/users.js
FN:39,(anonymous_0)
FNF:1
FNH:0
FNDA:0,(anonymous_0)
DA:2,1
DA:3,1
DA:4,1
DA:5,1
DA:6,1
DA:7,1
DA:8,1
DA:9,1
DA:14,1
DA:23,1
DA:32,1
DA:39,1
DA:40,0
DA:41,0
DA:42,0
DA:44,0
DA:45,0
DA:51,1
DA:59,1
LF:19
LH:14
BRF:0
BRH:0
end_of_record
TN:
SF:tests/addStaff.js
FN:6,(anonymous_0)
FN:13,(anonymous_1)
FN:13,(anonymous_2)
FN:15,(anonymous_3)
FN:29,(anonymous_4)
FN:46,(anonymous_5)
FN:63,(anonymous_6)
FN:78,(anonymous_7)
FN:88,(anonymous_8)
FNF:9
FNH:9
FNDA:5,(anonymous_0)
FNDA:1,(anonymous_1)
FNDA:1,(anonymous_2)
FNDA:1,(anonymous_3)
FNDA:1,(anonymous_4)
FNDA:1,(anonymous_5)
FNDA:1,(anonymous_6)
FNDA:1,(anonymous_7)
FNDA:1,(anonymous_8)
DA:1,1
DA:2,1
DA:3,1
DA:6,1
DA:7,5
DA:8,5
DA:9,5
DA:10,5
DA:13,1
DA:15,1
DA:16,1
DA:25,1
DA:29,1
DA:30,1
DA:39,1
DA:40,1
DA:42,1
DA:43,1
DA:46,1
DA:47,1
DA:56,1
DA:57,1
DA:59,1
DA:60,1
DA:63,1
DA:64,1
DA:70,1
DA:71,1
DA:73,1
DA:74,1
DA:78,1
DA:79,1
DA:80,1
DA:82,1
DA:84,1
DA:85,1
DA:88,1
DA:89,1
DA:90,1
DA:94,1
DA:96,1
DA:97,1
DA:101,1
LF:43
LH:43
BRF:0
BRH:0
end_of_record
TN:
SF:tests/addlocation.js
FN:6,(anonymous_0)
FN:14,(anonymous_1)
FN:14,(anonymous_2)
FN:16,(anonymous_3)
FN:27,(anonymous_4)
FN:42,(anonymous_5)
FNF:6
FNH:6
FNDA:2,(anonymous_0)
FNDA:1,(anonymous_1)
FNDA:1,(anonymous_2)
FNDA:1,(anonymous_3)
FNDA:1,(anonymous_4)
FNDA:1,(anonymous_5)
DA:1,1
DA:2,1
DA:3,1
DA:6,1
DA:7,2
DA:8,2
DA:9,2
DA:10,2
DA:14,1
DA:15,1
DA:16,1
DA:17,1
DA:24,1
DA:27,1
DA:28,1
DA:34,1
DA:35,1
DA:37,1
DA:38,1
DA:42,1
DA:43,1
DA:49,1
DA:50,1
DA:52,1
DA:53,1
DA:57,1
LF:26
LH:26
BRF:0
BRH:0
end_of_record
TN:
SF:tests/adminTests.js
FN:8,(anonymous_0)
FN:15,(anonymous_1)
FN:15,(anonymous_2)
FN:18,(anonymous_3)
FN:19,(anonymous_4)
FN:31,(anonymous_5)
FN:45,(anonymous_6)
FN:61,(anonymous_7)
FN:76,(anonymous_8)
FN:88,(anonymous_9)
FN:89,(anonymous_10)
FN:96,(anonymous_11)
FN:107,(anonymous_12)
FN:118,(anonymous_13)
FN:135,(anonymous_14)
FN:135,(anonymous_15)
FN:136,(anonymous_16)
FN:144,(anonymous_17)
FN:156,(anonymous_18)
FNF:19
FNH:19
FNDA:9,(anonymous_0)
FNDA:1,(anonymous_1)
FNDA:1,(anonymous_2)
FNDA:1,(anonymous_3)
FNDA:1,(anonymous_4)
FNDA:1,(anonymous_5)
FNDA:1,(anonymous_6)
FNDA:1,(anonymous_7)
FNDA:1,(anonymous_8)
FNDA:1,(anonymous_9)
FNDA:1,(anonymous_10)
FNDA:1,(anonymous_11)
FNDA:1,(anonymous_12)
FNDA:1,(anonymous_13)
FNDA:1,(anonymous_14)
FNDA:1,(anonymous_15)
FNDA:1,(anonymous_16)
FNDA:1,(anonymous_17)
FNDA:1,(anonymous_18)
DA:1,1
DA:2,1
DA:4,1
DA:8,1
DA:9,9
DA:10,9
DA:11,9
DA:12,9
DA:15,1
DA:16,1
DA:18,1
DA:19,1
DA:20,1
DA:28,1
DA:31,1
DA:32,1
DA:33,1
DA:40,1
DA:42,1
DA:45,1
DA:46,1
DA:47,1
DA:54,1
DA:56,1
DA:57,1
DA:61,1
DA:62,1
DA:63,1
DA:70,1
DA:72,1
DA:73,1
DA:76,1
DA:77,1
DA:78,1
DA:80,1
DA:82,1
DA:83,1
DA:88,1
DA:89,1
DA:90,1
DA:93,1
DA:96,1
DA:97,1
DA:98,1
DA:101,1
DA:103,1
DA:104,1
DA:107,1
DA:108,1
DA:109,1
DA:112,1
DA:114,1
DA:115,1
DA:118,1
DA:119,1
DA:120,1
DA:123,1
DA:125,1
DA:126,1
DA:135,1
DA:136,1
DA:137,1
DA:140,1
DA:144,1
DA:145,1
DA:146,1
DA:149,1
DA:151,1
DA:152,1
DA:156,1
DA:157,1
DA:158,1
DA:160,1
DA:162,1
DA:163,1
DA:169,1
LF:76
LH:76
BRF:0
BRH:0
end_of_record
TN:
SF:tests/busses.js
FN:8,(anonymous_0)
FN:41,(anonymous_1)
FN:42,(anonymous_2)
FN:43,(anonymous_3)
FN:71,(anonymous_4)
FN:84,(anonymous_5)
FN:94,(anonymous_6)
FN:106,(anonymous_7)
FN:118,(anonymous_8)
FN:130,(anonymous_9)
FN:143,(anonymous_10)
FN:156,(anonymous_11)
FN:168,(anonymous_12)
FN:183,(anonymous_13)
FN:196,(anonymous_14)
FN:204,(anonymous_15)
FN:216,(anonymous_16)
FN:225,(anonymous_17)
FN:237,(anonymous_18)
FN:238,(anonymous_19)
FN:248,(anonymous_20)
FN:256,(anonymous_21)
FN:265,(anonymous_22)
FNF:23
FNH:23
FNDA:14,(anonymous_0)
FNDA:1,(anonymous_1)
FNDA:1,(anonymous_2)
FNDA:1,(anonymous_3)
FNDA:1,(anonymous_4)
FNDA:1,(anonymous_5)
FNDA:1,(anonymous_6)
FNDA:1,(anonymous_7)
FNDA:1,(anonymous_8)
FNDA:1,(anonymous_9)
FNDA:1,(anonymous_10)
FNDA:1,(anonymous_11)
FNDA:1,(anonymous_12)
FNDA:1,(anonymous_13)
FNDA:1,(anonymous_14)
FNDA:1,(anonymous_15)
FNDA:1,(anonymous_16)
FNDA:1,(anonymous_17)
FNDA:1,(anonymous_18)
FNDA:1,(anonymous_19)
FNDA:1,(anonymous_20)
FNDA:1,(anonymous_21)
FNDA:1,(anonymous_22)
DA:1,1
DA:2,1
DA:3,1
DA:4,1
DA:5,1
DA:6,1
DA:8,1
DA:9,14
DA:10,14
DA:11,14
DA:12,14
DA:15,1
DA:41,1
DA:42,1
DA:43,1
DA:44,1
DA:71,1
DA:72,1
DA:81,1
DA:84,1
DA:85,1
DA:87,1
DA:89,1
DA:90,1
DA:91,1
DA:94,1
DA:95,1
DA:96,1
DA:100,1
DA:102,1
DA:103,1
DA:106,1
DA:107,1
DA:111,1
DA:112,1
DA:114,1
DA:115,1
DA:118,1
DA:119,1
DA:122,1
DA:123,1
DA:124,1
DA:126,1
DA:127,1
DA:130,1
DA:131,1
DA:135,1
DA:136,1
DA:137,1
DA:139,1
DA:140,1
DA:143,1
DA:144,1
DA:148,1
DA:149,1
DA:150,1
DA:151,1
DA:153,1
DA:154,1
DA:156,1
DA:157,1
DA:159,1
DA:160,1
DA:162,1
DA:163,1
DA:164,1
DA:168,1
DA:169,1
DA:183,1
DA:184,1
DA:193,1
DA:196,1
DA:197,1
DA:198,1
DA:199,1
DA:200,1
DA:201,1
DA:204,1
DA:205,1
DA:206,1
DA:207,1
DA:211,1
DA:212,1
DA:213,1
DA:216,1
DA:217,1
DA:218,1
DA:219,1
DA:220,1
DA:221,1
DA:222,1
DA:225,1
DA:226,1
DA:227,1
DA:230,1
DA:232,1
DA:233,1
DA:237,1
DA:238,1
DA:239,1
DA:245,1
DA:248,1
DA:249,1
DA:250,1
DA:251,1
DA:252,1
DA:253,0
DA:256,1
DA:257,1
DA:258,1
DA:259,1
DA:260,1
DA:261,1
DA:265,1
DA:266,1
DA:267,1
DA:268,1
DA:269,1
DA:270,0
DA:275,1
LF:120
LH:118
BRF:0
BRH:0
end_of_record
TN:
SF:tests/getBusStatus.js
FN:6,(anonymous_0)
FN:14,(anonymous_1)
FN:14,(anonymous_2)
FN:16,(anonymous_3)
FN:26,(anonymous_4)
FN:34,(anonymous_5)
FN:43,(anonymous_6)
FNF:7
FNH:7
FNDA:3,(anonymous_0)
FNDA:1,(anonymous_1)
FNDA:1,(anonymous_2)
FNDA:1,(anonymous_3)
FNDA:1,(anonymous_4)
FNDA:1,(anonymous_5)
FNDA:1,(anonymous_6)
DA:1,1
DA:2,1
DA:3,1
DA:4,1
DA:6,1
DA:7,3
DA:8,3
DA:9,3
DA:10,3
DA:14,1
DA:16,1
DA:17,1
DA:23,1
DA:26,1
DA:27,1
DA:28,1
DA:29,1
DA:30,1
DA:31,1
DA:34,1
DA:35,1
DA:36,1
DA:37,1
DA:38,1
DA:39,1
DA:43,1
DA:44,1
DA:45,1
DA:46,1
DA:47,1
DA:48,1
DA:52,1
LF:32
LH:32
BRF:0
BRH:0
end_of_record
TN:
SF:tests/login.js
FN:6,(anonymous_0)
FN:15,(anonymous_1)
FN:15,(anonymous_2)
FN:17,(anonymous_3)
FN:29,(anonymous_4)
FN:44,(anonymous_5)
FNF:6
FNH:6
FNDA:2,(anonymous_0)
FNDA:1,(anonymous_1)
FNDA:1,(anonymous_2)
FNDA:1,(anonymous_3)
FNDA:1,(anonymous_4)
FNDA:1,(anonymous_5)
DA:1,1
DA:2,1
DA:3,1
DA:6,1
DA:7,2
DA:8,2
DA:9,2
DA:10,2
DA:15,1
DA:16,1
DA:17,1
DA:18,1
DA:24,1
DA:29,1
DA:30,1
DA:36,1
DA:38,1
DA:39,1
DA:40,1
DA:44,1
DA:45,1
DA:51,1
DA:53,1
DA:54,1
DA:55,1
DA:59,1
LF:26
LH:26
BRF:0
BRH:0
end_of_record
TN:
SF:tests/ticketstest.js
FN:5,(anonymous_0)
FN:12,(anonymous_1)
FN:13,(anonymous_2)
FN:39,(anonymous_3)
FN:40,(anonymous_4)
FN:53,(anonymous_5)
FN:65,(anonymous_6)
FN:79,(anonymous_7)
FN:94,(anonymous_8)
FN:105,(anonymous_9)
FNF:10
FNH:10
FNDA:5,(anonymous_0)
FNDA:1,(anonymous_1)
FNDA:1,(anonymous_2)
FNDA:1,(anonymous_3)
FNDA:1,(anonymous_4)
FNDA:1,(anonymous_5)
FNDA:1,(anonymous_6)
FNDA:1,(anonymous_7)
FNDA:1,(anonymous_8)
FNDA:1,(anonymous_9)
DA:1,1
DA:2,1
DA:3,1
DA:5,1
DA:6,5
DA:7,5
DA:8,5
DA:9,5
DA:12,1
DA:13,1
DA:15,1
DA:39,1
DA:40,1
DA:41,1
DA:50,1
DA:53,1
DA:54,1
DA:56,1
DA:60,1
DA:61,1
DA:62,1
DA:65,1
DA:66,1
DA:68,1
DA:72,1
DA:74,1
DA:75,1
DA:76,1
DA:79,1
DA:80,1
DA:82,1
DA:86,1
DA:87,1
DA:89,1
DA:90,1
DA:91,1
DA:94,1
DA:95,1
DA:96,1
DA:99,1
DA:101,1
DA:102,1
DA:105,1
DA:106,1
DA:108,1
DA:111,1
DA:112,1
DA:113,1
DA:114,1
DA:119,1
LF:50
LH:50
BRF:0
BRH:0
end_of_record
TN:
SF:utils/allBookedTickets.js
FN:4,(anonymous_0)
FN:7,(anonymous_1)
FNF:2
FNH:2
FNDA:5,(anonymous_0)
FNDA:2,(anonymous_1)
DA:1,1
DA:4,1
DA:5,5
DA:7,5
DA:9,5
DA:11,5
DA:14,1
LF:7
LH:7
BRF:0
BRH:0
end_of_record
TN:
SF:utils/searchLocation.js
FN:3,(anonymous_0)
FNF:1
FNH:1
FNDA:21,(anonymous_0)
DA:1,1
DA:3,1
DA:4,21
DA:5,21
DA:6,21
DA:7,17
DA:10,1
LF:7
LH:7
BRDA:6,0,0,17
BRDA:6,0,1,4
BRF:2
BRH:2
end_of_record
